<?xml version="1.0" encoding="UTF-8"?>
<testng-results ignored="0" total="31" passed="31" failed="0" skipped="0">
  <reporter-output>
  </reporter-output>
  <suite started-at="2024-03-07T13:18:52 IST" name="Suite" finished-at="2024-03-07T13:24:20 IST" duration-ms="327519">
    <groups>
      <group name="cucumber">
        <method signature="AbstractTestNGCucumberTests.runScenario(io.cucumber.testng.PickleWrapper,io.cucumber.testng.FeatureWrapper)[pri:0, instance:com.practo.testRunner.TestNGRunner@76505305]" name="runScenario" class="io.cucumber.testng.AbstractTestNGCucumberTests"/>
      </group> <!-- cucumber -->
    </groups>
    <test started-at="2024-03-07T13:18:52 IST" name="Test" finished-at="2024-03-07T13:24:20 IST" duration-ms="327519">
      <class name="com.practo.testRunner.TestNGRunner">
        <test-method is-config="true" signature="setUpClass(org.testng.ITestContext)[pri:0, instance:com.practo.testRunner.TestNGRunner@76505305]" started-at="2024-03-07T13:18:52 IST" name="setUpClass" finished-at="2024-03-07T13:18:54 IST" duration-ms="1807" status="PASS">
          <params>
            <param index="0">
              <value>
                <![CDATA[org.testng.TestRunner@2bf5f4]]>
              </value>
            </param>
          </params>
          <reporter-output>
          </reporter-output>
        </test-method> <!-- setUpClass -->
        <test-method signature="runScenario(io.cucumber.testng.PickleWrapper,io.cucumber.testng.FeatureWrapper)[pri:0, instance:com.practo.testRunner.TestNGRunner@76505305]" started-at="2024-03-07T13:18:54 IST" name="runScenario" description="Runs Cucumber Scenarios" data-provider="scenarios" finished-at="2024-03-07T13:19:33 IST" duration-ms="38795" status="PASS">
          <params>
            <param index="0">
              <value>
                <![CDATA["Search for doctors using the specified filters and accquire top five results"]]>
              </value>
            </param>
            <param index="1">
              <value>
                <![CDATA["End to End happy flow execution"]]>
              </value>
            </param>
          </params>
          <reporter-output>
          </reporter-output>
        </test-method> <!-- runScenario -->
        <test-method signature="runScenario(io.cucumber.testng.PickleWrapper,io.cucumber.testng.FeatureWrapper)[pri:0, instance:com.practo.testRunner.TestNGRunner@76505305]" started-at="2024-03-07T13:19:33 IST" name="runScenario" description="Runs Cucumber Scenarios" data-provider="scenarios" finished-at="2024-03-07T13:19:40 IST" duration-ms="6766" status="PASS">
          <params>
            <param index="0">
              <value>
                <![CDATA["Extract the surgeries listed as Popular Surgeries on the Surgeries page"]]>
              </value>
            </param>
            <param index="1">
              <value>
                <![CDATA["End to End happy flow execution"]]>
              </value>
            </param>
          </params>
          <reporter-output>
          </reporter-output>
        </test-method> <!-- runScenario -->
        <test-method signature="runScenario(io.cucumber.testng.PickleWrapper,io.cucumber.testng.FeatureWrapper)[pri:0, instance:com.practo.testRunner.TestNGRunner@76505305]" started-at="2024-03-07T13:19:40 IST" name="runScenario" description="Runs Cucumber Scenarios" data-provider="scenarios" finished-at="2024-03-07T13:19:50 IST" duration-ms="10538" status="PASS">
          <params>
            <param index="0">
              <value>
                <![CDATA["verify form submission with correct details by capturing Thank You message on the Health and Wellness page"]]>
              </value>
            </param>
            <param index="1">
              <value>
                <![CDATA["End to End happy flow execution"]]>
              </value>
            </param>
          </params>
          <reporter-output>
          </reporter-output>
        </test-method> <!-- runScenario -->
        <test-method signature="runScenario(io.cucumber.testng.PickleWrapper,io.cucumber.testng.FeatureWrapper)[pri:0, instance:com.practo.testRunner.TestNGRunner@76505305]" started-at="2024-03-07T13:19:50 IST" name="runScenario" description="Runs Cucumber Scenarios" data-provider="scenarios" finished-at="2024-03-07T13:19:57 IST" duration-ms="6637" status="PASS">
          <params>
            <param index="0">
              <value>
                <![CDATA["verify Schedule a demo scroll-to-top navigation button on the Health and Wellness Page"]]>
              </value>
            </param>
            <param index="1">
              <value>
                <![CDATA["Health and Wellness"]]>
              </value>
            </param>
          </params>
          <reporter-output>
          </reporter-output>
        </test-method> <!-- runScenario -->
        <test-method signature="runScenario(io.cucumber.testng.PickleWrapper,io.cucumber.testng.FeatureWrapper)[pri:0, instance:com.practo.testRunner.TestNGRunner@76505305]" started-at="2024-03-07T13:19:57 IST" name="runScenario" description="Runs Cucumber Scenarios" data-provider="scenarios" finished-at="2024-03-07T13:20:09 IST" duration-ms="12629" status="PASS">
          <params>
            <param index="0">
              <value>
                <![CDATA["verify if the submit button is disabled with incorrect details on the Health and Wellness Page"]]>
              </value>
            </param>
            <param index="1">
              <value>
                <![CDATA["Health and Wellness"]]>
              </value>
            </param>
          </params>
          <reporter-output>
          </reporter-output>
        </test-method> <!-- runScenario -->
        <test-method signature="runScenario(io.cucumber.testng.PickleWrapper,io.cucumber.testng.FeatureWrapper)[pri:0, instance:com.practo.testRunner.TestNGRunner@76505305]" started-at="2024-03-07T13:20:09 IST" name="runScenario" description="Runs Cucumber Scenarios" data-provider="scenarios" finished-at="2024-03-07T13:20:18 IST" duration-ms="8495" status="PASS">
          <params>
            <param index="0">
              <value>
                <![CDATA["verify if the submit button is disabled with incorrect details on the Health and Wellness Page"]]>
              </value>
            </param>
            <param index="1">
              <value>
                <![CDATA["Health and Wellness"]]>
              </value>
            </param>
          </params>
          <reporter-output>
          </reporter-output>
        </test-method> <!-- runScenario -->
        <test-method signature="runScenario(io.cucumber.testng.PickleWrapper,io.cucumber.testng.FeatureWrapper)[pri:0, instance:com.practo.testRunner.TestNGRunner@76505305]" started-at="2024-03-07T13:20:18 IST" name="runScenario" description="Runs Cucumber Scenarios" data-provider="scenarios" finished-at="2024-03-07T13:20:27 IST" duration-ms="9507" status="PASS">
          <params>
            <param index="0">
              <value>
                <![CDATA["verify if the submit button is disabled with incorrect details on the Health and Wellness Page"]]>
              </value>
            </param>
            <param index="1">
              <value>
                <![CDATA["Health and Wellness"]]>
              </value>
            </param>
          </params>
          <reporter-output>
          </reporter-output>
        </test-method> <!-- runScenario -->
        <test-method signature="runScenario(io.cucumber.testng.PickleWrapper,io.cucumber.testng.FeatureWrapper)[pri:0, instance:com.practo.testRunner.TestNGRunner@76505305]" started-at="2024-03-07T13:20:27 IST" name="runScenario" description="Runs Cucumber Scenarios" data-provider="scenarios" finished-at="2024-03-07T13:20:40 IST" duration-ms="12027" status="PASS">
          <params>
            <param index="0">
              <value>
                <![CDATA["verify if the submit button is disabled with incorrect details on the Health and Wellness Page"]]>
              </value>
            </param>
            <param index="1">
              <value>
                <![CDATA["Health and Wellness"]]>
              </value>
            </param>
          </params>
          <reporter-output>
          </reporter-output>
        </test-method> <!-- runScenario -->
        <test-method signature="runScenario(io.cucumber.testng.PickleWrapper,io.cucumber.testng.FeatureWrapper)[pri:0, instance:com.practo.testRunner.TestNGRunner@76505305]" started-at="2024-03-07T13:20:40 IST" name="runScenario" description="Runs Cucumber Scenarios" data-provider="scenarios" finished-at="2024-03-07T13:20:48 IST" duration-ms="8845" status="PASS">
          <params>
            <param index="0">
              <value>
                <![CDATA["verify if submit button enabled with correct details on the Health and Wellness Plan page"]]>
              </value>
            </param>
            <param index="1">
              <value>
                <![CDATA["Health and Wellness"]]>
              </value>
            </param>
          </params>
          <reporter-output>
          </reporter-output>
        </test-method> <!-- runScenario -->
        <test-method signature="runScenario(io.cucumber.testng.PickleWrapper,io.cucumber.testng.FeatureWrapper)[pri:0, instance:com.practo.testRunner.TestNGRunner@76505305]" started-at="2024-03-07T13:20:48 IST" name="runScenario" description="Runs Cucumber Scenarios" data-provider="scenarios" finished-at="2024-03-07T13:20:53 IST" duration-ms="4915" status="PASS">
          <params>
            <param index="0">
              <value>
                <![CDATA["Verify navigation items on the Home Page"]]>
              </value>
            </param>
            <param index="1">
              <value>
                <![CDATA["Home Page"]]>
              </value>
            </param>
          </params>
          <reporter-output>
          </reporter-output>
        </test-method> <!-- runScenario -->
        <test-method signature="runScenario(io.cucumber.testng.PickleWrapper,io.cucumber.testng.FeatureWrapper)[pri:0, instance:com.practo.testRunner.TestNGRunner@76505305]" started-at="2024-03-07T13:20:53 IST" name="runScenario" description="Runs Cucumber Scenarios" data-provider="scenarios" finished-at="2024-03-07T13:20:59 IST" duration-ms="6082" status="PASS">
          <params>
            <param index="0">
              <value>
                <![CDATA["Verify navigation items on the Home Page"]]>
              </value>
            </param>
            <param index="1">
              <value>
                <![CDATA["Home Page"]]>
              </value>
            </param>
          </params>
          <reporter-output>
          </reporter-output>
        </test-method> <!-- runScenario -->
        <test-method signature="runScenario(io.cucumber.testng.PickleWrapper,io.cucumber.testng.FeatureWrapper)[pri:0, instance:com.practo.testRunner.TestNGRunner@76505305]" started-at="2024-03-07T13:20:59 IST" name="runScenario" description="Runs Cucumber Scenarios" data-provider="scenarios" finished-at="2024-03-07T13:21:04 IST" duration-ms="4726" status="PASS">
          <params>
            <param index="0">
              <value>
                <![CDATA["Verify navigation items on the Home Page"]]>
              </value>
            </param>
            <param index="1">
              <value>
                <![CDATA["Home Page"]]>
              </value>
            </param>
          </params>
          <reporter-output>
          </reporter-output>
        </test-method> <!-- runScenario -->
        <test-method signature="runScenario(io.cucumber.testng.PickleWrapper,io.cucumber.testng.FeatureWrapper)[pri:0, instance:com.practo.testRunner.TestNGRunner@76505305]" started-at="2024-03-07T13:21:04 IST" name="runScenario" description="Runs Cucumber Scenarios" data-provider="scenarios" finished-at="2024-03-07T13:21:09 IST" duration-ms="4554" status="PASS">
          <params>
            <param index="0">
              <value>
                <![CDATA["Verify navigation items on the Home Page"]]>
              </value>
            </param>
            <param index="1">
              <value>
                <![CDATA["Home Page"]]>
              </value>
            </param>
          </params>
          <reporter-output>
          </reporter-output>
        </test-method> <!-- runScenario -->
        <test-method signature="runScenario(io.cucumber.testng.PickleWrapper,io.cucumber.testng.FeatureWrapper)[pri:0, instance:com.practo.testRunner.TestNGRunner@76505305]" started-at="2024-03-07T13:21:09 IST" name="runScenario" description="Runs Cucumber Scenarios" data-provider="scenarios" finished-at="2024-03-07T13:21:14 IST" duration-ms="5867" status="PASS">
          <params>
            <param index="0">
              <value>
                <![CDATA["Verify navigation items on the Home Page"]]>
              </value>
            </param>
            <param index="1">
              <value>
                <![CDATA["Home Page"]]>
              </value>
            </param>
          </params>
          <reporter-output>
          </reporter-output>
        </test-method> <!-- runScenario -->
        <test-method signature="runScenario(io.cucumber.testng.PickleWrapper,io.cucumber.testng.FeatureWrapper)[pri:0, instance:com.practo.testRunner.TestNGRunner@76505305]" started-at="2024-03-07T13:21:14 IST" name="runScenario" description="Runs Cucumber Scenarios" data-provider="scenarios" finished-at="2024-03-07T13:21:43 IST" duration-ms="28433" status="PASS">
          <params>
            <param index="0">
              <value>
                <![CDATA["Filter doctors by patient stories on the Search page"]]>
              </value>
            </param>
            <param index="1">
              <value>
                <![CDATA["Search"]]>
              </value>
            </param>
          </params>
          <reporter-output>
          </reporter-output>
        </test-method> <!-- runScenario -->
        <test-method signature="runScenario(io.cucumber.testng.PickleWrapper,io.cucumber.testng.FeatureWrapper)[pri:0, instance:com.practo.testRunner.TestNGRunner@76505305]" started-at="2024-03-07T13:21:43 IST" name="runScenario" description="Runs Cucumber Scenarios" data-provider="scenarios" finished-at="2024-03-07T13:21:59 IST" duration-ms="15717" status="PASS">
          <params>
            <param index="0">
              <value>
                <![CDATA["Filter doctors by fees on the Search page"]]>
              </value>
            </param>
            <param index="1">
              <value>
                <![CDATA["Search"]]>
              </value>
            </param>
          </params>
          <reporter-output>
          </reporter-output>
        </test-method> <!-- runScenario -->
        <test-method signature="runScenario(io.cucumber.testng.PickleWrapper,io.cucumber.testng.FeatureWrapper)[pri:0, instance:com.practo.testRunner.TestNGRunner@76505305]" started-at="2024-03-07T13:21:59 IST" name="runScenario" description="Runs Cucumber Scenarios" data-provider="scenarios" finished-at="2024-03-07T13:22:13 IST" duration-ms="14361" status="PASS">
          <params>
            <param index="0">
              <value>
                <![CDATA["Filter doctors by fees on the Search page"]]>
              </value>
            </param>
            <param index="1">
              <value>
                <![CDATA["Search"]]>
              </value>
            </param>
          </params>
          <reporter-output>
          </reporter-output>
        </test-method> <!-- runScenario -->
        <test-method signature="runScenario(io.cucumber.testng.PickleWrapper,io.cucumber.testng.FeatureWrapper)[pri:0, instance:com.practo.testRunner.TestNGRunner@76505305]" started-at="2024-03-07T13:22:13 IST" name="runScenario" description="Runs Cucumber Scenarios" data-provider="scenarios" finished-at="2024-03-07T13:22:28 IST" duration-ms="14787" status="PASS">
          <params>
            <param index="0">
              <value>
                <![CDATA["Filter doctors by availability on the Search page"]]>
              </value>
            </param>
            <param index="1">
              <value>
                <![CDATA["Search"]]>
              </value>
            </param>
          </params>
          <reporter-output>
          </reporter-output>
        </test-method> <!-- runScenario -->
        <test-method signature="runScenario(io.cucumber.testng.PickleWrapper,io.cucumber.testng.FeatureWrapper)[pri:0, instance:com.practo.testRunner.TestNGRunner@76505305]" started-at="2024-03-07T13:22:28 IST" name="runScenario" description="Runs Cucumber Scenarios" data-provider="scenarios" finished-at="2024-03-07T13:22:41 IST" duration-ms="13607" status="PASS">
          <params>
            <param index="0">
              <value>
                <![CDATA["Filter doctors by video consult availability on the Search page"]]>
              </value>
            </param>
            <param index="1">
              <value>
                <![CDATA["Search"]]>
              </value>
            </param>
          </params>
          <reporter-output>
          </reporter-output>
        </test-method> <!-- runScenario -->
        <test-method signature="runScenario(io.cucumber.testng.PickleWrapper,io.cucumber.testng.FeatureWrapper)[pri:0, instance:com.practo.testRunner.TestNGRunner@76505305]" started-at="2024-03-07T13:22:41 IST" name="runScenario" description="Runs Cucumber Scenarios" data-provider="scenarios" finished-at="2024-03-07T13:22:56 IST" duration-ms="14285" status="PASS">
          <params>
            <param index="0">
              <value>
                <![CDATA["Filter doctors location in Chennai on the Search page"]]>
              </value>
            </param>
            <param index="1">
              <value>
                <![CDATA["Search"]]>
              </value>
            </param>
          </params>
          <reporter-output>
          </reporter-output>
        </test-method> <!-- runScenario -->
        <test-method signature="runScenario(io.cucumber.testng.PickleWrapper,io.cucumber.testng.FeatureWrapper)[pri:0, instance:com.practo.testRunner.TestNGRunner@76505305]" started-at="2024-03-07T13:22:56 IST" name="runScenario" description="Runs Cucumber Scenarios" data-provider="scenarios" finished-at="2024-03-07T13:23:04 IST" duration-ms="8722" status="PASS">
          <params>
            <param index="0">
              <value>
                <![CDATA["Verify consultation form submission with correct details on the Surgeries page"]]>
              </value>
            </param>
            <param index="1">
              <value>
                <![CDATA["Surgeries"]]>
              </value>
            </param>
          </params>
          <reporter-output>
          </reporter-output>
        </test-method> <!-- runScenario -->
        <test-method signature="runScenario(io.cucumber.testng.PickleWrapper,io.cucumber.testng.FeatureWrapper)[pri:0, instance:com.practo.testRunner.TestNGRunner@76505305]" started-at="2024-03-07T13:23:04 IST" name="runScenario" description="Runs Cucumber Scenarios" data-provider="scenarios" finished-at="2024-03-07T13:23:12 IST" duration-ms="7336" status="PASS">
          <params>
            <param index="0">
              <value>
                <![CDATA["Verify consultation form submission with correct details on the Surgeries page"]]>
              </value>
            </param>
            <param index="1">
              <value>
                <![CDATA["Surgeries"]]>
              </value>
            </param>
          </params>
          <reporter-output>
          </reporter-output>
        </test-method> <!-- runScenario -->
        <test-method signature="runScenario(io.cucumber.testng.PickleWrapper,io.cucumber.testng.FeatureWrapper)[pri:0, instance:com.practo.testRunner.TestNGRunner@76505305]" started-at="2024-03-07T13:23:12 IST" name="runScenario" description="Runs Cucumber Scenarios" data-provider="scenarios" finished-at="2024-03-07T13:23:19 IST" duration-ms="7017" status="PASS">
          <params>
            <param index="0">
              <value>
                <![CDATA["Verify consultation form submission with wrong name on the Surgeries page"]]>
              </value>
            </param>
            <param index="1">
              <value>
                <![CDATA["Surgeries"]]>
              </value>
            </param>
          </params>
          <reporter-output>
          </reporter-output>
        </test-method> <!-- runScenario -->
        <test-method signature="runScenario(io.cucumber.testng.PickleWrapper,io.cucumber.testng.FeatureWrapper)[pri:0, instance:com.practo.testRunner.TestNGRunner@76505305]" started-at="2024-03-07T13:23:19 IST" name="runScenario" description="Runs Cucumber Scenarios" data-provider="scenarios" finished-at="2024-03-07T13:23:25 IST" duration-ms="6397" status="PASS">
          <params>
            <param index="0">
              <value>
                <![CDATA["Verify consultation form submission with wrong contact number on the Surgeries page"]]>
              </value>
            </param>
            <param index="1">
              <value>
                <![CDATA["Surgeries"]]>
              </value>
            </param>
          </params>
          <reporter-output>
          </reporter-output>
        </test-method> <!-- runScenario -->
        <test-method signature="runScenario(io.cucumber.testng.PickleWrapper,io.cucumber.testng.FeatureWrapper)[pri:0, instance:com.practo.testRunner.TestNGRunner@76505305]" started-at="2024-03-07T13:23:25 IST" name="runScenario" description="Runs Cucumber Scenarios" data-provider="scenarios" finished-at="2024-03-07T13:23:33 IST" duration-ms="8143" status="PASS">
          <params>
            <param index="0">
              <value>
                <![CDATA["Verify consultation form submission with wrong contact number on the Surgeries page"]]>
              </value>
            </param>
            <param index="1">
              <value>
                <![CDATA["Surgeries"]]>
              </value>
            </param>
          </params>
          <reporter-output>
          </reporter-output>
        </test-method> <!-- runScenario -->
        <test-method signature="runScenario(io.cucumber.testng.PickleWrapper,io.cucumber.testng.FeatureWrapper)[pri:0, instance:com.practo.testRunner.TestNGRunner@76505305]" started-at="2024-03-07T13:23:33 IST" name="runScenario" description="Runs Cucumber Scenarios" data-provider="scenarios" finished-at="2024-03-07T13:23:40 IST" duration-ms="6484" status="PASS">
          <params>
            <param index="0">
              <value>
                <![CDATA["Verify consultation form submission with wrong name and contact number on the Surgeries page"]]>
              </value>
            </param>
            <param index="1">
              <value>
                <![CDATA["Surgeries"]]>
              </value>
            </param>
          </params>
          <reporter-output>
          </reporter-output>
        </test-method> <!-- runScenario -->
        <test-method signature="runScenario(io.cucumber.testng.PickleWrapper,io.cucumber.testng.FeatureWrapper)[pri:0, instance:com.practo.testRunner.TestNGRunner@76505305]" started-at="2024-03-07T13:23:40 IST" name="runScenario" description="Runs Cucumber Scenarios" data-provider="scenarios" finished-at="2024-03-07T13:23:47 IST" duration-ms="7054" status="PASS">
          <params>
            <param index="0">
              <value>
                <![CDATA["Verify consultation form submission with wrong name and contact number on the Surgeries page"]]>
              </value>
            </param>
            <param index="1">
              <value>
                <![CDATA["Surgeries"]]>
              </value>
            </param>
          </params>
          <reporter-output>
          </reporter-output>
        </test-method> <!-- runScenario -->
        <test-method signature="runScenario(io.cucumber.testng.PickleWrapper,io.cucumber.testng.FeatureWrapper)[pri:0, instance:com.practo.testRunner.TestNGRunner@76505305]" started-at="2024-03-07T13:23:47 IST" name="runScenario" description="Runs Cucumber Scenarios" data-provider="scenarios" finished-at="2024-03-07T13:23:52 IST" duration-ms="4865" status="PASS">
          <params>
            <param index="0">
              <value>
                <![CDATA["Verify surgeries form popup message on the Surgeries page"]]>
              </value>
            </param>
            <param index="1">
              <value>
                <![CDATA["Surgeries"]]>
              </value>
            </param>
          </params>
          <reporter-output>
          </reporter-output>
        </test-method> <!-- runScenario -->
        <test-method signature="runScenario(io.cucumber.testng.PickleWrapper,io.cucumber.testng.FeatureWrapper)[pri:0, instance:com.practo.testRunner.TestNGRunner@76505305]" started-at="2024-03-07T13:23:52 IST" name="runScenario" description="Runs Cucumber Scenarios" data-provider="scenarios" finished-at="2024-03-07T13:23:57 IST" duration-ms="5229" status="PASS">
          <params>
            <param index="0">
              <value>
                <![CDATA["Verify surgeries form popup message on the Surgeries page"]]>
              </value>
            </param>
            <param index="1">
              <value>
                <![CDATA["Surgeries"]]>
              </value>
            </param>
          </params>
          <reporter-output>
          </reporter-output>
        </test-method> <!-- runScenario -->
        <test-method signature="runScenario(io.cucumber.testng.PickleWrapper,io.cucumber.testng.FeatureWrapper)[pri:0, instance:com.practo.testRunner.TestNGRunner@76505305]" started-at="2024-03-07T13:23:57 IST" name="runScenario" description="Runs Cucumber Scenarios" data-provider="scenarios" finished-at="2024-03-07T13:24:05 IST" duration-ms="7909" status="PASS">
          <params>
            <param index="0">
              <value>
                <![CDATA["Verify surgeries form submission with correct details on the Surgeries page"]]>
              </value>
            </param>
            <param index="1">
              <value>
                <![CDATA["Surgeries"]]>
              </value>
            </param>
          </params>
          <reporter-output>
          </reporter-output>
        </test-method> <!-- runScenario -->
        <test-method signature="runScenario(io.cucumber.testng.PickleWrapper,io.cucumber.testng.FeatureWrapper)[pri:0, instance:com.practo.testRunner.TestNGRunner@76505305]" started-at="2024-03-07T13:24:05 IST" name="runScenario" description="Runs Cucumber Scenarios" data-provider="scenarios" finished-at="2024-03-07T13:24:18 IST" duration-ms="13084" status="PASS">
          <params>
            <param index="0">
              <value>
                <![CDATA["Verify surgeries form submission with incorrect details on the Surgeries page"]]>
              </value>
            </param>
            <param index="1">
              <value>
                <![CDATA["Surgeries"]]>
              </value>
            </param>
          </params>
          <reporter-output>
          </reporter-output>
        </test-method> <!-- runScenario -->
        <test-method is-config="true" signature="tearDownClass()[pri:0, instance:com.practo.testRunner.TestNGRunner@76505305]" started-at="2024-03-07T13:24:18 IST" name="tearDownClass" finished-at="2024-03-07T13:24:20 IST" duration-ms="1833" status="PASS">
          <reporter-output>
          </reporter-output>
        </test-method> <!-- tearDownClass -->
      </class> <!-- com.practo.testRunner.TestNGRunner -->
    </test> <!-- Test -->
  </suite> <!-- Suite -->
</testng-results>
