<?xml version="1.0" encoding="UTF-8"?>
<testsuite xmlns:xsi="http://www.w3.org/2001/XMLSchema-instance" xsi:noNamespaceSchemaLocation="https://maven.apache.org/surefire/maven-surefire-plugin/xsd/surefire-test-report-3.0.xsd" version="3.0" name="TestSuite" time="328.277" tests="31" errors="0" skipped="0" failures="0">
  <properties>
[...]
</properties>
  <testcase name="runScenario[&quot;Search for doctors using the specified filters and accquire top five results&quot;, &quot;End to End happy flow execution&quot;](1)" classname="com.practo.testRunner.TestNGRunner" time="38.794">
    <system-out><![CDATA[
@test
Scenario Outline: Search for doctors using the specified filters and accquire top five results # FeatureFiles/endToEnd.feature:19
  Given user clicks on "Find Doctors"                                                          # com.practo.stepDefinitions.HomePageSteps.user_clicks_on(java.lang.String)

    Embedding Search for doctors using the specified filters and accquire top five results [image/png 204800 bytes]

  When user selects location as "Chennai"                                                      # com.practo.stepDefinitions.SearchSteps.user_selects_location_as(java.lang.String)

    Embedding Search for doctors using the specified filters and accquire top five results [image/png 192360 bytes]

  And user inputs "Dentist" in search                                                          # com.practo.stepDefinitions.SearchSteps.user_inputs_in_search(java.lang.String)

    Embedding Search for doctors using the specified filters and accquire top five results [image/png 328974 bytes]

  And user selects "5+ Years of experience" under Experience                                   # com.practo.stepDefinitions.SearchSteps.user_selects_under_experience(java.lang.String)

    Embedding Search for doctors using the specified filters and accquire top five results [image/png 345062 bytes]

  And user clicks on All filters                                                               # com.practo.stepDefinitions.SearchSteps.user_clicks_on_all_features()

    Embedding Search for doctors using the specified filters and accquire top five results [image/png 335558 bytes]

  And user selects: "Above 500" under fees                                                     # com.practo.stepDefinitions.SearchSteps.user_selects_under_fees(java.lang.String)

    Embedding Search for doctors using the specified filters and accquire top five results [image/png 337231 bytes]

  And user filters by patient stories: "80+ Patient Stories"                                   # com.practo.stepDefinitions.SearchSteps.user_filters_by_patient_stories(java.lang.String)

    Embedding Search for doctors using the specified filters and accquire top five results [image/png 352183 bytes]

  And user clicks on All filters                                                               # com.practo.stepDefinitions.SearchSteps.user_clicks_on_all_features()

    Embedding Search for doctors using the specified filters and accquire top five results [image/png 333205 bytes]

  And user selects: "Available Tomorrow" under availability                                    # com.practo.stepDefinitions.SearchSteps.user_selects_under_availability(java.lang.String)

    Embedding Search for doctors using the specified filters and accquire top five results [image/png 345773 bytes]

  And user selects "Number of patient stories - High to low" under sort                        # com.practo.stepDefinitions.SearchSteps.user_selects_under_sort(java.lang.String)

    Embedding Search for doctors using the specified filters and accquire top five results [image/png 352197 bytes]

Doctor Name: Dr. Balaji K
Doctor Specialization: Dentist
Doctor Experience: 28 years experience overall
Doctor Location: Anna Nagar,Chennai  KB DENTAL CLINIC ORTHODONTIC AND IMPLANT CENTER
Doctor Fee: ₹600 Consultation fee at clinic


Doctor Name: Dr. Sridevi. R
Doctor Specialization: Dentist
Doctor Experience: 19 years experience overall
Doctor Location: Semmancheri,Chennai  The Shree's Dental Clinic
Doctor Fee: ₹500 Consultation fee at clinic


Doctor Name: Dr. M. Phani Babu
Doctor Specialization: Dentist
Doctor Experience: 19 years experience overall
Doctor Location: Adyar,Chennai  Dent Eazee Speciality Dental Centres
Doctor Fee: ₹600 Consultation fee at clinic


Doctor Name: Dr. Praveen kumar
Doctor Specialization: Dentist
Doctor Experience: 8 years experience overall
Doctor Location: Kolathur,Chennai  Thamarai Dental Clinic
Doctor Fee: ₹500 Consultation fee at clinic


Doctor Name: Dr. Abhilash Bhaskaran
Doctor Specialization: Dentist
Doctor Experience: 27 years experience overall
Doctor Location: Perumbakkam,Chennai  Gleneagles Health City + 1 more
Doctor Fee: ₹800 Consultation fee at clinic


  Then record top five doctor names                                                            # com.practo.stepDefinitions.SearchSteps.record_top_five_doctor_names()

    Embedding Search for doctors using the specified filters and accquire top five results [image/png 352197 bytes]

]]></system-out>
    <system-err><![CDATA[SLF4J: No SLF4J providers were found.
SLF4J: Defaulting to no-operation (NOP) logger implementation
SLF4J: See https://www.slf4j.org/codes.html#noProviders for further details.
Mar 07, 2024 1:18:58 PM org.openqa.selenium.devtools.CdpVersionFinder findNearestMatch
WARNING: Unable to find an exact match for CDP version 122, returning the closest version; found: 119; Please update to a Selenium version that supports CDP version 122
]]></system-err>
  </testcase>
  <testcase name="runScenario[&quot;Extract the surgeries listed as Popular Surgeries on the Surgeries page&quot;, &quot;End to End happy flow execution&quot;](2)" classname="com.practo.testRunner.TestNGRunner" time="6.764">
    <system-out><![CDATA[
@test
Scenario: Extract the surgeries listed as Popular Surgeries on the Surgeries page # FeatureFiles/endToEnd.feature:22
  Given user navigates to Surgeries from home page                                # com.practo.stepDefinitions.SurgeriesSteps.user_navigates_to_surgeries_from_home_page()

    Embedding Extract the surgeries listed as Popular Surgeries on the Surgeries page [image/png 414660 bytes]

List of Popular Surgeries extracted.
  When extract surgeries listed under Popular Surgeries                           # com.practo.stepDefinitions.SurgeriesSteps.extract_surgeries_listed_under_popular_surgeries()

    Embedding Extract the surgeries listed as Popular Surgeries on the Surgeries page [image/png 414685 bytes]

Piles
Hernia Treatment
Kidney Stone
Cataract
Circumcision
Lasik
Varicose Veins
Gallstone
Anal Fistula
Gynaecomastia
Anal Fissure
Lipoma Removal
Sebaceous cyst
Pilonidal Sinus
Lump in Breast
TURP
Hydrocele
Knee Replacement
Hair Transplant
Total Count of Popular Surgeries: 19
  And display them in console output                                              # com.practo.stepDefinitions.SurgeriesSteps.display_them_in_console_output()

    Embedding Extract the surgeries listed as Popular Surgeries on the Surgeries page [image/png 414668 bytes]

]]></system-out>
    <system-err><![CDATA[Mar 07, 2024 1:19:34 PM org.openqa.selenium.devtools.CdpVersionFinder findNearestMatch
WARNING: Unable to find an exact match for CDP version 122, returning the closest version; found: 119; Please update to a Selenium version that supports CDP version 122
]]></system-err>
  </testcase>
  <testcase name="runScenario[&quot;verify form submission with correct details by capturing Thank You message on the Health and Wellness page&quot;, &quot;End to End happy flow execution&quot;](3)" classname="com.practo.testRunner.TestNGRunner" time="10.538">
    <system-out><![CDATA[
@regression @test
Scenario Outline: verify form submission with correct details by capturing Thank You message on the Health and Wellness page # FeatureFiles/endToEnd.feature:43
  Given user navigates to Health and Wellness Plan page                                                                      # com.practo.stepDefinitions.HealthAndWellnessSteps.user_navigates_to_health_and_wellness_plan_page()

    Embedding verify form submission with correct details by capturing Thank You message on the Health and Wellness page [image/png 625018 bytes]

  When user inputs "Sai Nivas" in name                                                                                       # com.practo.stepDefinitions.HealthAndWellnessSteps.user_inputs_in_name(java.lang.String)

    Embedding verify form submission with correct details by capturing Thank You message on the Health and Wellness page [image/png 625327 bytes]

  And user inputs "DemoOrg" in organization name                                                                             # com.practo.stepDefinitions.HealthAndWellnessSteps.user_inputs_in_organization_name(java.lang.String)

    Embedding verify form submission with correct details by capturing Thank You message on the Health and Wellness page [image/png 624600 bytes]

  And user inputs "9876543210" in Contact Number                                                                             # com.practo.stepDefinitions.HealthAndWellnessSteps.user_inputs_in_contact_number(java.lang.String)

    Embedding verify form submission with correct details by capturing Thank You message on the Health and Wellness page [image/png 624247 bytes]

  And user inputs "name@website" in Official Email ID                                                                        # com.practo.stepDefinitions.HealthAndWellnessSteps.user_inputs_in_official_email_id(java.lang.String)

    Embedding verify form submission with correct details by capturing Thank You message on the Health and Wellness page [image/png 624635 bytes]

  And user selects Organization size: "<500"                                                                                 # com.practo.stepDefinitions.HealthAndWellnessSteps.user_selects_organization_size(java.lang.String)

    Embedding verify form submission with correct details by capturing Thank You message on the Health and Wellness page [image/png 623669 bytes]

  And user selects "Taking a demo" in Interested in                                                                          # com.practo.stepDefinitions.HealthAndWellnessSteps.user_selects_in_interested_in(java.lang.String)

    Embedding verify form submission with correct details by capturing Thank You message on the Health and Wellness page [image/png 624155 bytes]

Schedule a demo button is disabled.
  And verify Schedule a demo button is disabled                                                                              # com.practo.stepDefinitions.HealthAndWellnessSteps.verify_schedule_a_demo_button_is_disabled()

    Embedding verify form submission with correct details by capturing Thank You message on the Health and Wellness page [image/png 624155 bytes]

  And user inputs "name@website.com" in Official Email ID                                                                    # com.practo.stepDefinitions.HealthAndWellnessSteps.user_inputs_in_official_email_id(java.lang.String)

    Embedding verify form submission with correct details by capturing Thank You message on the Health and Wellness page [image/png 624742 bytes]

  And user clicks Schedule a demo button                                                                                     # com.practo.stepDefinitions.HealthAndWellnessSteps.user_clicks_schedule_a_demo_button()

    Embedding verify form submission with correct details by capturing Thank You message on the Health and Wellness page [image/png 624716 bytes]

  Then capture thank you message                                                                                             # com.practo.stepDefinitions.HealthAndWellnessSteps.capture_thank_you_message()

    Embedding verify form submission with correct details by capturing Thank You message on the Health and Wellness page [image/png 187227 bytes]

]]></system-out>
    <system-err><![CDATA[Mar 07, 2024 1:19:41 PM org.openqa.selenium.devtools.CdpVersionFinder findNearestMatch
WARNING: Unable to find an exact match for CDP version 122, returning the closest version; found: 119; Please update to a Selenium version that supports CDP version 122
]]></system-err>
  </testcase>
  <testcase name="runScenario[&quot;verify Schedule a demo scroll-to-top navigation button on the Health and Wellness Page&quot;, &quot;Health and Wellness&quot;](4)" classname="com.practo.testRunner.TestNGRunner" time="6.638">
    <system-out><![CDATA[
@sanity
Scenario: verify Schedule a demo scroll-to-top navigation button on the Health and Wellness Page # FeatureFiles/healthAndWellness.feature:4
  Given user navigates to Health and Wellness Plan page                                          # com.practo.stepDefinitions.HealthAndWellnessSteps.user_navigates_to_health_and_wellness_plan_page()

    Embedding verify Schedule a demo scroll-to-top navigation button on the Health and Wellness Page [image/png 625018 bytes]

  When user scrolls down to the bottom of the page                                               # com.practo.stepDefinitions.HealthAndWellnessSteps.scroll_down_until_schedule_a_demo_navigation_helper_is_visible()

    Embedding verify Schedule a demo scroll-to-top navigation button on the Health and Wellness Page [image/png 131422 bytes]

  And user clicks the Schedule a demo button                                                     # com.practo.stepDefinitions.HealthAndWellnessSteps.user_clicks_the_schedule_a_demo_button()

    Embedding verify Schedule a demo scroll-to-top navigation button on the Health and Wellness Page [image/png 478245 bytes]

  Then verify the page is scrolled up to the top                                                 # com.practo.stepDefinitions.HealthAndWellnessSteps.verify_the_page_is_scrolled_up_to_the_top()

    Embedding verify Schedule a demo scroll-to-top navigation button on the Health and Wellness Page [image/png 478245 bytes]

]]></system-out>
    <system-err><![CDATA[Mar 07, 2024 1:19:51 PM org.openqa.selenium.devtools.CdpVersionFinder findNearestMatch
WARNING: Unable to find an exact match for CDP version 122, returning the closest version; found: 119; Please update to a Selenium version that supports CDP version 122
]]></system-err>
  </testcase>
  <testcase name="runScenario[&quot;verify if the submit button is disabled with incorrect details on the Health and Wellness Page&quot;, &quot;Health and Wellness&quot;](5)" classname="com.practo.testRunner.TestNGRunner" time="12.629">
    <system-out><![CDATA[
@smoke
Scenario Outline: verify if the submit button is disabled with incorrect details on the Health and Wellness Page # FeatureFiles/healthAndWellness.feature:23
  Given user navigates to Health and Wellness Plan page                                                          # com.practo.stepDefinitions.HealthAndWellnessSteps.user_navigates_to_health_and_wellness_plan_page()

    Embedding verify if the submit button is disabled with incorrect details on the Health and Wellness Page [image/png 625018 bytes]

  When user inputs "Sai" in name                                                                                 # com.practo.stepDefinitions.HealthAndWellnessSteps.user_inputs_in_name(java.lang.String)

    Embedding verify if the submit button is disabled with incorrect details on the Health and Wellness Page [image/png 624857 bytes]

  And user inputs "DemoOrg" in organization name                                                                 # com.practo.stepDefinitions.HealthAndWellnessSteps.user_inputs_in_organization_name(java.lang.String)

    Embedding verify if the submit button is disabled with incorrect details on the Health and Wellness Page [image/png 624120 bytes]

  And user inputs "86420" in Contact Number                                                                      # com.practo.stepDefinitions.HealthAndWellnessSteps.user_inputs_in_contact_number(java.lang.String)

    Embedding verify if the submit button is disabled with incorrect details on the Health and Wellness Page [image/png 623388 bytes]

  And user inputs "name@website.com" in Official Email ID                                                        # com.practo.stepDefinitions.HealthAndWellnessSteps.user_inputs_in_official_email_id(java.lang.String)

    Embedding verify if the submit button is disabled with incorrect details on the Health and Wellness Page [image/png 624113 bytes]

  And user selects Organization size: "1001-5000"                                                                # com.practo.stepDefinitions.HealthAndWellnessSteps.user_selects_organization_size(java.lang.String)

    Embedding verify if the submit button is disabled with incorrect details on the Health and Wellness Page [image/png 623323 bytes]

  And user selects "Taking a demo" in Interested in                                                              # com.practo.stepDefinitions.HealthAndWellnessSteps.user_selects_in_interested_in(java.lang.String)

    Embedding verify if the submit button is disabled with incorrect details on the Health and Wellness Page [image/png 623839 bytes]

Schedule a demo button is disabled.
  Then verify Schedule a demo button is disabled                                                                 # com.practo.stepDefinitions.HealthAndWellnessSteps.verify_schedule_a_demo_button_is_disabled()

    Embedding verify if the submit button is disabled with incorrect details on the Health and Wellness Page [image/png 623839 bytes]

]]></system-out>
    <system-err><![CDATA[Mar 07, 2024 1:19:58 PM org.openqa.selenium.devtools.CdpVersionFinder findNearestMatch
WARNING: Unable to find an exact match for CDP version 122, returning the closest version; found: 119; Please update to a Selenium version that supports CDP version 122
]]></system-err>
  </testcase>
  <testcase name="runScenario[&quot;verify if the submit button is disabled with incorrect details on the Health and Wellness Page&quot;, &quot;Health and Wellness&quot;](6)" classname="com.practo.testRunner.TestNGRunner" time="8.495">
    <system-out><![CDATA[
@smoke
Scenario Outline: verify if the submit button is disabled with incorrect details on the Health and Wellness Page # FeatureFiles/healthAndWellness.feature:24
  Given user navigates to Health and Wellness Plan page                                                          # com.practo.stepDefinitions.HealthAndWellnessSteps.user_navigates_to_health_and_wellness_plan_page()

    Embedding verify if the submit button is disabled with incorrect details on the Health and Wellness Page [image/png 625018 bytes]

  When user inputs "Nivas" in name                                                                               # com.practo.stepDefinitions.HealthAndWellnessSteps.user_inputs_in_name(java.lang.String)

    Embedding verify if the submit button is disabled with incorrect details on the Health and Wellness Page [image/png 625040 bytes]

  And user inputs "DemoOrg" in organization name                                                                 # com.practo.stepDefinitions.HealthAndWellnessSteps.user_inputs_in_organization_name(java.lang.String)

    Embedding verify if the submit button is disabled with incorrect details on the Health and Wellness Page [image/png 624259 bytes]

  And user inputs "9876543310" in Contact Number                                                                 # com.practo.stepDefinitions.HealthAndWellnessSteps.user_inputs_in_contact_number(java.lang.String)

    Embedding verify if the submit button is disabled with incorrect details on the Health and Wellness Page [image/png 623890 bytes]

  And user inputs "name@website" in Official Email ID                                                            # com.practo.stepDefinitions.HealthAndWellnessSteps.user_inputs_in_official_email_id(java.lang.String)

    Embedding verify if the submit button is disabled with incorrect details on the Health and Wellness Page [image/png 624241 bytes]

  And user selects Organization size: "<500"                                                                     # com.practo.stepDefinitions.HealthAndWellnessSteps.user_selects_organization_size(java.lang.String)

    Embedding verify if the submit button is disabled with incorrect details on the Health and Wellness Page [image/png 623217 bytes]

  And user selects "Taking a demo" in Interested in                                                              # com.practo.stepDefinitions.HealthAndWellnessSteps.user_selects_in_interested_in(java.lang.String)

    Embedding verify if the submit button is disabled with incorrect details on the Health and Wellness Page [image/png 623728 bytes]

Schedule a demo button is disabled.
  Then verify Schedule a demo button is disabled                                                                 # com.practo.stepDefinitions.HealthAndWellnessSteps.verify_schedule_a_demo_button_is_disabled()

    Embedding verify if the submit button is disabled with incorrect details on the Health and Wellness Page [image/png 623728 bytes]

]]></system-out>
    <system-err><![CDATA[Mar 07, 2024 1:20:10 PM org.openqa.selenium.devtools.CdpVersionFinder findNearestMatch
WARNING: Unable to find an exact match for CDP version 122, returning the closest version; found: 119; Please update to a Selenium version that supports CDP version 122
]]></system-err>
  </testcase>
  <testcase name="runScenario[&quot;verify if the submit button is disabled with incorrect details on the Health and Wellness Page&quot;, &quot;Health and Wellness&quot;](7)" classname="com.practo.testRunner.TestNGRunner" time="9.508">
    <system-out><![CDATA[
@smoke
Scenario Outline: verify if the submit button is disabled with incorrect details on the Health and Wellness Page # FeatureFiles/healthAndWellness.feature:25
  Given user navigates to Health and Wellness Plan page                                                          # com.practo.stepDefinitions.HealthAndWellnessSteps.user_navigates_to_health_and_wellness_plan_page()

    Embedding verify if the submit button is disabled with incorrect details on the Health and Wellness Page [image/png 625018 bytes]

  When user inputs "Venkata" in name                                                                             # com.practo.stepDefinitions.HealthAndWellnessSteps.user_inputs_in_name(java.lang.String)

    Embedding verify if the submit button is disabled with incorrect details on the Health and Wellness Page [image/png 625269 bytes]

  And user inputs "DemoOrg" in organization name                                                                 # com.practo.stepDefinitions.HealthAndWellnessSteps.user_inputs_in_organization_name(java.lang.String)

    Embedding verify if the submit button is disabled with incorrect details on the Health and Wellness Page [image/png 624562 bytes]

  And user inputs "9876544210" in Contact Number                                                                 # com.practo.stepDefinitions.HealthAndWellnessSteps.user_inputs_in_contact_number(java.lang.String)

    Embedding verify if the submit button is disabled with incorrect details on the Health and Wellness Page [image/png 624322 bytes]

  And user inputs "name@website.co" in Official Email ID                                                         # com.practo.stepDefinitions.HealthAndWellnessSteps.user_inputs_in_official_email_id(java.lang.String)

    Embedding verify if the submit button is disabled with incorrect details on the Health and Wellness Page [image/png 624858 bytes]

  And user selects Organization size: ""                                                                         # com.practo.stepDefinitions.HealthAndWellnessSteps.user_selects_organization_size(java.lang.String)

    Embedding verify if the submit button is disabled with incorrect details on the Health and Wellness Page [image/png 624858 bytes]

  And user selects "Taking a demo" in Interested in                                                              # com.practo.stepDefinitions.HealthAndWellnessSteps.user_selects_in_interested_in(java.lang.String)

    Embedding verify if the submit button is disabled with incorrect details on the Health and Wellness Page [image/png 625298 bytes]

Schedule a demo button is disabled.
  Then verify Schedule a demo button is disabled                                                                 # com.practo.stepDefinitions.HealthAndWellnessSteps.verify_schedule_a_demo_button_is_disabled()

    Embedding verify if the submit button is disabled with incorrect details on the Health and Wellness Page [image/png 625298 bytes]

]]></system-out>
    <system-err><![CDATA[Mar 07, 2024 1:20:19 PM org.openqa.selenium.devtools.CdpVersionFinder findNearestMatch
WARNING: Unable to find an exact match for CDP version 122, returning the closest version; found: 119; Please update to a Selenium version that supports CDP version 122
]]></system-err>
  </testcase>
  <testcase name="runScenario[&quot;verify if the submit button is disabled with incorrect details on the Health and Wellness Page&quot;, &quot;Health and Wellness&quot;](8)" classname="com.practo.testRunner.TestNGRunner" time="12.028">
    <system-out><![CDATA[
@smoke
Scenario Outline: verify if the submit button is disabled with incorrect details on the Health and Wellness Page # FeatureFiles/healthAndWellness.feature:26
  Given user navigates to Health and Wellness Plan page                                                          # com.practo.stepDefinitions.HealthAndWellnessSteps.user_navigates_to_health_and_wellness_plan_page()

    Embedding verify if the submit button is disabled with incorrect details on the Health and Wellness Page [image/png 625018 bytes]

  When user inputs "Sai Nivas" in name                                                                           # com.practo.stepDefinitions.HealthAndWellnessSteps.user_inputs_in_name(java.lang.String)

    Embedding verify if the submit button is disabled with incorrect details on the Health and Wellness Page [image/png 625327 bytes]

  And user inputs "DemoOrg" in organization name                                                                 # com.practo.stepDefinitions.HealthAndWellnessSteps.user_inputs_in_organization_name(java.lang.String)

    Embedding verify if the submit button is disabled with incorrect details on the Health and Wellness Page [image/png 624600 bytes]

  And user inputs "9876553210" in Contact Number                                                                 # com.practo.stepDefinitions.HealthAndWellnessSteps.user_inputs_in_contact_number(java.lang.String)

    Embedding verify if the submit button is disabled with incorrect details on the Health and Wellness Page [image/png 624218 bytes]

  And user inputs "name@site.com" in Official Email ID                                                           # com.practo.stepDefinitions.HealthAndWellnessSteps.user_inputs_in_official_email_id(java.lang.String)

    Embedding verify if the submit button is disabled with incorrect details on the Health and Wellness Page [image/png 624538 bytes]

  And user selects Organization size: "5001-10000"                                                               # com.practo.stepDefinitions.HealthAndWellnessSteps.user_selects_organization_size(java.lang.String)

    Embedding verify if the submit button is disabled with incorrect details on the Health and Wellness Page [image/png 624000 bytes]

  And user selects "" in Interested in                                                                           # com.practo.stepDefinitions.HealthAndWellnessSteps.user_selects_in_interested_in(java.lang.String)

    Embedding verify if the submit button is disabled with incorrect details on the Health and Wellness Page [image/png 624000 bytes]

Schedule a demo button is disabled.
  Then verify Schedule a demo button is disabled                                                                 # com.practo.stepDefinitions.HealthAndWellnessSteps.verify_schedule_a_demo_button_is_disabled()

    Embedding verify if the submit button is disabled with incorrect details on the Health and Wellness Page [image/png 624000 bytes]

]]></system-out>
    <system-err><![CDATA[Mar 07, 2024 1:20:28 PM org.openqa.selenium.devtools.CdpVersionFinder findNearestMatch
WARNING: Unable to find an exact match for CDP version 122, returning the closest version; found: 119; Please update to a Selenium version that supports CDP version 122
]]></system-err>
  </testcase>
  <testcase name="runScenario[&quot;verify if submit button enabled with correct details on the Health and Wellness Plan page&quot;, &quot;Health and Wellness&quot;](9)" classname="com.practo.testRunner.TestNGRunner" time="8.844">
    <system-out><![CDATA[
@smoke
Scenario Outline: verify if submit button enabled with correct details on the Health and Wellness Plan page # FeatureFiles/healthAndWellness.feature:41
  Given user navigates to Health and Wellness Plan page                                                     # com.practo.stepDefinitions.HealthAndWellnessSteps.user_navigates_to_health_and_wellness_plan_page()

    Embedding verify if submit button enabled with correct details on the Health and Wellness Plan page [image/png 625018 bytes]

  When user inputs "Sai Nivas" in name                                                                      # com.practo.stepDefinitions.HealthAndWellnessSteps.user_inputs_in_name(java.lang.String)

    Embedding verify if submit button enabled with correct details on the Health and Wellness Plan page [image/png 625327 bytes]

  And user inputs "DemoOrg" in organization name                                                            # com.practo.stepDefinitions.HealthAndWellnessSteps.user_inputs_in_organization_name(java.lang.String)

    Embedding verify if submit button enabled with correct details on the Health and Wellness Plan page [image/png 624600 bytes]

  And user inputs "9876543210" in Contact Number                                                            # com.practo.stepDefinitions.HealthAndWellnessSteps.user_inputs_in_contact_number(java.lang.String)

    Embedding verify if submit button enabled with correct details on the Health and Wellness Plan page [image/png 624247 bytes]

  And user inputs "name@website.com" in Official Email ID                                                   # com.practo.stepDefinitions.HealthAndWellnessSteps.user_inputs_in_official_email_id(java.lang.String)

    Embedding verify if submit button enabled with correct details on the Health and Wellness Plan page [image/png 624904 bytes]

  And user selects Organization size: "501-1000"                                                            # com.practo.stepDefinitions.HealthAndWellnessSteps.user_selects_organization_size(java.lang.String)

    Embedding verify if submit button enabled with correct details on the Health and Wellness Plan page [image/png 624027 bytes]

  And user selects "Taking a demo" in Interested in                                                         # com.practo.stepDefinitions.HealthAndWellnessSteps.user_selects_in_interested_in(java.lang.String)

    Embedding verify if submit button enabled with correct details on the Health and Wellness Plan page [image/png 624733 bytes]

Schedule a demo button is enabled.
  Then verify Schedule a demo button is enabled                                                             # com.practo.stepDefinitions.HealthAndWellnessSteps.verify_schedule_a_demo_button_is_enabled()

    Embedding verify if submit button enabled with correct details on the Health and Wellness Plan page [image/png 624733 bytes]

]]></system-out>
    <system-err><![CDATA[Mar 07, 2024 1:20:40 PM org.openqa.selenium.devtools.CdpVersionFinder findNearestMatch
WARNING: Unable to find an exact match for CDP version 122, returning the closest version; found: 119; Please update to a Selenium version that supports CDP version 122
]]></system-err>
  </testcase>
  <testcase name="runScenario[&quot;Verify navigation items on the Home Page&quot;, &quot;Home Page&quot;](10)" classname="com.practo.testRunner.TestNGRunner" time="4.915">
    <system-out><![CDATA[
@smoke
Scenario Outline: Verify navigation items on the Home Page                                                     # FeatureFiles/homePage.feature:11
Practo is open
  Given user opens practo home page                                                                            # com.practo.stepDefinitions.HomePageSteps.user_opens_practo()

    Embedding Verify navigation items on the Home Page [image/png 408191 bytes]

  When user clicks on "Find Doctors"                                                                           # com.practo.stepDefinitions.HomePageSteps.user_clicks_on(java.lang.String)

    Embedding Verify navigation items on the Home Page [image/png 204800 bytes]

  Then verify page title "Practo | Book Doctor Appointments Online, Order Medicine, Diagnostic Tests, Consult" # com.practo.stepDefinitions.HomePageSteps.verify_page_title(java.lang.String)

    Embedding Verify navigation items on the Home Page [image/png 204800 bytes]

]]></system-out>
    <system-err><![CDATA[Mar 07, 2024 1:20:49 PM org.openqa.selenium.devtools.CdpVersionFinder findNearestMatch
WARNING: Unable to find an exact match for CDP version 122, returning the closest version; found: 119; Please update to a Selenium version that supports CDP version 122
]]></system-err>
  </testcase>
  <testcase name="runScenario[&quot;Verify navigation items on the Home Page&quot;, &quot;Home Page&quot;](11)" classname="com.practo.testRunner.TestNGRunner" time="6.084">
    <system-out><![CDATA[
@smoke
Scenario Outline: Verify navigation items on the Home Page                                    # FeatureFiles/homePage.feature:12
Practo is open
  Given user opens practo home page                                                           # com.practo.stepDefinitions.HomePageSteps.user_opens_practo()

    Embedding Verify navigation items on the Home Page [image/png 408191 bytes]

  When user clicks on "Video Consult"                                                         # com.practo.stepDefinitions.HomePageSteps.user_clicks_on(java.lang.String)

    Embedding Verify navigation items on the Home Page [image/png 395306 bytes]

  Then verify page title "Online Doctor Consultation | Ask Top Doctor's Advice 24*7 | Practo" # com.practo.stepDefinitions.HomePageSteps.verify_page_title(java.lang.String)

    Embedding Verify navigation items on the Home Page [image/png 395090 bytes]

]]></system-out>
    <system-err><![CDATA[Mar 07, 2024 1:20:54 PM org.openqa.selenium.devtools.CdpVersionFinder findNearestMatch
WARNING: Unable to find an exact match for CDP version 122, returning the closest version; found: 119; Please update to a Selenium version that supports CDP version 122
]]></system-err>
  </testcase>
  <testcase name="runScenario[&quot;Verify navigation items on the Home Page&quot;, &quot;Home Page&quot;](12)" classname="com.practo.testRunner.TestNGRunner" time="4.727">
    <system-out><![CDATA[
@smoke
Scenario Outline: Verify navigation items on the Home Page                                                            # FeatureFiles/homePage.feature:13
Practo is open
  Given user opens practo home page                                                                                   # com.practo.stepDefinitions.HomePageSteps.user_opens_practo()

    Embedding Verify navigation items on the Home Page [image/png 408191 bytes]

  When user clicks on "Medicines"                                                                                     # com.practo.stepDefinitions.HomePageSteps.user_clicks_on(java.lang.String)

    Embedding Verify navigation items on the Home Page [image/png 362219 bytes]

  Then verify page title "Buy Medicines,Health Products Online | India's Most Reliable Online Medical Store | Practo" # com.practo.stepDefinitions.HomePageSteps.verify_page_title(java.lang.String)

    Embedding Verify navigation items on the Home Page [image/png 362219 bytes]

]]></system-out>
    <system-err><![CDATA[Mar 07, 2024 1:21:00 PM org.openqa.selenium.devtools.CdpVersionFinder findNearestMatch
WARNING: Unable to find an exact match for CDP version 122, returning the closest version; found: 119; Please update to a Selenium version that supports CDP version 122
]]></system-err>
  </testcase>
  <testcase name="runScenario[&quot;Verify navigation items on the Home Page&quot;, &quot;Home Page&quot;](13)" classname="com.practo.testRunner.TestNGRunner" time="4.552">
    <system-out><![CDATA[
@smoke
Scenario Outline: Verify navigation items on the Home Page                                        # FeatureFiles/homePage.feature:14
Practo is open
  Given user opens practo home page                                                               # com.practo.stepDefinitions.HomePageSteps.user_opens_practo()

    Embedding Verify navigation items on the Home Page [image/png 408191 bytes]

  When user clicks on "Surgeries"                                                                 # com.practo.stepDefinitions.HomePageSteps.user_clicks_on(java.lang.String)

    Embedding Verify navigation items on the Home Page [image/png 414709 bytes]

  Then verify page title "Practo Care Surgeries | End to end care from top surgeons in your city" # com.practo.stepDefinitions.HomePageSteps.verify_page_title(java.lang.String)

    Embedding Verify navigation items on the Home Page [image/png 414730 bytes]

]]></system-out>
    <system-err><![CDATA[Mar 07, 2024 1:21:05 PM org.openqa.selenium.devtools.CdpVersionFinder findNearestMatch
WARNING: Unable to find an exact match for CDP version 122, returning the closest version; found: 119; Please update to a Selenium version that supports CDP version 122
]]></system-err>
  </testcase>
  <testcase name="runScenario[&quot;Verify navigation items on the Home Page&quot;, &quot;Home Page&quot;](14)" classname="com.practo.testRunner.TestNGRunner" time="5.866">
    <system-out><![CDATA[
@smoke
Scenario Outline: Verify navigation items on the Home Page                                       # FeatureFiles/homePage.feature:15
Practo is open
  Given user opens practo home page                                                              # com.practo.stepDefinitions.HomePageSteps.user_opens_practo()

    Embedding Verify navigation items on the Home Page [image/png 408191 bytes]

  When user clicks on "Lab Tests"                                                                # com.practo.stepDefinitions.HomePageSteps.user_clicks_on(java.lang.String)

    Embedding Verify navigation items on the Home Page [image/png 106255 bytes]

  Then verify page title "Blood Tests | Book Diagnostic Tests from Home at Best Prices | Practo" # com.practo.stepDefinitions.HomePageSteps.verify_page_title(java.lang.String)

    Embedding Verify navigation items on the Home Page [image/png 106255 bytes]

]]></system-out>
    <system-err><![CDATA[Mar 07, 2024 1:21:10 PM org.openqa.selenium.devtools.CdpVersionFinder findNearestMatch
WARNING: Unable to find an exact match for CDP version 122, returning the closest version; found: 119; Please update to a Selenium version that supports CDP version 122
]]></system-err>
  </testcase>
  <testcase name="runScenario[&quot;Filter doctors by patient stories on the Search page&quot;, &quot;Search&quot;](15)" classname="com.practo.testRunner.TestNGRunner" time="28.432">
    <system-out><![CDATA[
@regression
Scenario Outline: Filter doctors by patient stories on the Search page # FeatureFiles/search.feature:14
  Given user clicks on "Find Doctors"                                  # com.practo.stepDefinitions.HomePageSteps.user_clicks_on(java.lang.String)

    Embedding Filter doctors by patient stories on the Search page [image/png 204800 bytes]

  When user selects location as "Chennai"                              # com.practo.stepDefinitions.SearchSteps.user_selects_location_as(java.lang.String)

    Embedding Filter doctors by patient stories on the Search page [image/png 192360 bytes]

  And user inputs "Dentist" in search                                  # com.practo.stepDefinitions.SearchSteps.user_inputs_in_search(java.lang.String)

    Embedding Filter doctors by patient stories on the Search page [image/png 335889 bytes]

  And fetch the number of doctors displayed                            # com.practo.stepDefinitions.SearchSteps.fetch_the_number_of_doctors_displayed()

    Embedding Filter doctors by patient stories on the Search page [image/png 345529 bytes]

  And user filters by patient stories: "80+ Patient Stories"           # com.practo.stepDefinitions.SearchSteps.user_filters_by_patient_stories(java.lang.String)

    Embedding Filter doctors by patient stories on the Search page [image/png 322834 bytes]

  Then verify the number of doctors is changed                         # com.practo.stepDefinitions.SearchSteps.verify_the_number_of_doctors_is_changed()

    Embedding Filter doctors by patient stories on the Search page [image/png 326989 bytes]

]]></system-out>
    <system-err><![CDATA[Mar 07, 2024 1:21:16 PM org.openqa.selenium.devtools.CdpVersionFinder findNearestMatch
WARNING: Unable to find an exact match for CDP version 122, returning the closest version; found: 119; Please update to a Selenium version that supports CDP version 122
]]></system-err>
  </testcase>
  <testcase name="runScenario[&quot;Filter doctors by fees on the Search page&quot;, &quot;Search&quot;](16)" classname="com.practo.testRunner.TestNGRunner" time="15.718">
    <system-out><![CDATA[
@regression
Scenario Outline: Filter doctors by fees on the Search page                # FeatureFiles/search.feature:27
  Given user clicks on "Find Doctors"                                      # com.practo.stepDefinitions.HomePageSteps.user_clicks_on(java.lang.String)

    Embedding Filter doctors by fees on the Search page [image/png 204800 bytes]

  When user selects location as "Chennai"                                  # com.practo.stepDefinitions.SearchSteps.user_selects_location_as(java.lang.String)

    Embedding Filter doctors by fees on the Search page [image/png 192360 bytes]

  And user inputs "Dentist" in search                                      # com.practo.stepDefinitions.SearchSteps.user_inputs_in_search(java.lang.String)

    Embedding Filter doctors by fees on the Search page [image/png 342665 bytes]

  And user clicks on All filters                                           # com.practo.stepDefinitions.SearchSteps.user_clicks_on_all_features()

    Embedding Filter doctors by fees on the Search page [image/png 329085 bytes]

  And user selects: "0-500" under fees                                     # com.practo.stepDefinitions.SearchSteps.user_selects_under_fees(java.lang.String)

    Embedding Filter doctors by fees on the Search page [image/png 315879 bytes]

  Then verify if the listed doctors have the right fee requirement "0-500" # com.practo.stepDefinitions.SearchSteps.verify_if_the_listed_doctors_have_the_right_fee_requirement(java.lang.String)

    Embedding Filter doctors by fees on the Search page [image/png 322689 bytes]

]]></system-out>
    <system-err><![CDATA[Mar 07, 2024 1:21:44 PM org.openqa.selenium.devtools.CdpVersionFinder findNearestMatch
WARNING: Unable to find an exact match for CDP version 122, returning the closest version; found: 119; Please update to a Selenium version that supports CDP version 122
]]></system-err>
  </testcase>
  <testcase name="runScenario[&quot;Filter doctors by fees on the Search page&quot;, &quot;Search&quot;](17)" classname="com.practo.testRunner.TestNGRunner" time="14.363">
    <system-out><![CDATA[
@regression
Scenario Outline: Filter doctors by fees on the Search page                    # FeatureFiles/search.feature:28
  Given user clicks on "Find Doctors"                                          # com.practo.stepDefinitions.HomePageSteps.user_clicks_on(java.lang.String)

    Embedding Filter doctors by fees on the Search page [image/png 204800 bytes]

  When user selects location as "Chennai"                                      # com.practo.stepDefinitions.SearchSteps.user_selects_location_as(java.lang.String)

    Embedding Filter doctors by fees on the Search page [image/png 192360 bytes]

  And user inputs "Dentist" in search                                          # com.practo.stepDefinitions.SearchSteps.user_inputs_in_search(java.lang.String)

    Embedding Filter doctors by fees on the Search page [image/png 322551 bytes]

  And user clicks on All filters                                               # com.practo.stepDefinitions.SearchSteps.user_clicks_on_all_features()

    Embedding Filter doctors by fees on the Search page [image/png 305316 bytes]

  And user selects: "Above 500" under fees                                     # com.practo.stepDefinitions.SearchSteps.user_selects_under_fees(java.lang.String)

    Embedding Filter doctors by fees on the Search page [image/png 345622 bytes]

  Then verify if the listed doctors have the right fee requirement "Above 500" # com.practo.stepDefinitions.SearchSteps.verify_if_the_listed_doctors_have_the_right_fee_requirement(java.lang.String)

    Embedding Filter doctors by fees on the Search page [image/png 345622 bytes]

]]></system-out>
    <system-err><![CDATA[Mar 07, 2024 1:22:00 PM org.openqa.selenium.devtools.CdpVersionFinder findNearestMatch
WARNING: Unable to find an exact match for CDP version 122, returning the closest version; found: 119; Please update to a Selenium version that supports CDP version 122
]]></system-err>
  </testcase>
  <testcase name="runScenario[&quot;Filter doctors by availability on the Search page&quot;, &quot;Search&quot;](18)" classname="com.practo.testRunner.TestNGRunner" time="14.785">
    <system-out><![CDATA[
@regression
Scenario Outline: Filter doctors by availability on the Search page                              # FeatureFiles/search.feature:41
  Given user clicks on "Find Doctors"                                                            # com.practo.stepDefinitions.HomePageSteps.user_clicks_on(java.lang.String)

    Embedding Filter doctors by availability on the Search page [image/png 204800 bytes]

  When user selects location as "Chennai"                                                        # com.practo.stepDefinitions.SearchSteps.user_selects_location_as(java.lang.String)

    Embedding Filter doctors by availability on the Search page [image/png 192360 bytes]

  And user inputs "Dentist" in search                                                            # com.practo.stepDefinitions.SearchSteps.user_inputs_in_search(java.lang.String)

    Embedding Filter doctors by availability on the Search page [image/png 335187 bytes]

  And user clicks on All filters                                                                 # com.practo.stepDefinitions.SearchSteps.user_clicks_on_all_features()

    Embedding Filter doctors by availability on the Search page [image/png 322279 bytes]

  And user selects: "Available Tomorrow" under availability                                      # com.practo.stepDefinitions.SearchSteps.user_selects_under_availability(java.lang.String)

    Embedding Filter doctors by availability on the Search page [image/png 350767 bytes]

  Then verify if the availability displayed above book clinic visit matches "Available Tomorrow" # com.practo.stepDefinitions.SearchSteps.verify_if_the_availability_displayed_above_book_clinic_visit_matches(java.lang.String)

    Embedding Filter doctors by availability on the Search page [image/png 350767 bytes]

]]></system-out>
    <system-err><![CDATA[Mar 07, 2024 1:22:14 PM org.openqa.selenium.devtools.CdpVersionFinder findNearestMatch
WARNING: Unable to find an exact match for CDP version 122, returning the closest version; found: 119; Please update to a Selenium version that supports CDP version 122
]]></system-err>
  </testcase>
  <testcase name="runScenario[&quot;Filter doctors by video consult availability on the Search page&quot;, &quot;Search&quot;](19)" classname="com.practo.testRunner.TestNGRunner" time="13.607">
    <system-out><![CDATA[
@regression
Scenario Outline: Filter doctors by video consult availability on the Search page # FeatureFiles/search.feature:54
  Given user clicks on "Find Doctors"                                             # com.practo.stepDefinitions.HomePageSteps.user_clicks_on(java.lang.String)

    Embedding Filter doctors by video consult availability on the Search page [image/png 204800 bytes]

  When user selects location as "Chennai"                                         # com.practo.stepDefinitions.SearchSteps.user_selects_location_as(java.lang.String)

    Embedding Filter doctors by video consult availability on the Search page [image/png 192360 bytes]

  And user inputs "Dentist" in search                                             # com.practo.stepDefinitions.SearchSteps.user_inputs_in_search(java.lang.String)

    Embedding Filter doctors by video consult availability on the Search page [image/png 341161 bytes]

  And user clicks on All filters                                                  # com.practo.stepDefinitions.SearchSteps.user_clicks_on_all_features()

    Embedding Filter doctors by video consult availability on the Search page [image/png 335837 bytes]

  And user selects "Video Consult" under Consult type                             # com.practo.stepDefinitions.SearchSteps.user_selects_under_consult_type(java.lang.String)

    Embedding Filter doctors by video consult availability on the Search page [image/png 331604 bytes]

  Then verify if results displayed are of video consult                           # com.practo.stepDefinitions.SearchSteps.verify_if_results_displayed_are_of_video_consult()

    Embedding Filter doctors by video consult availability on the Search page [image/png 331604 bytes]

]]></system-out>
    <system-err><![CDATA[Mar 07, 2024 1:22:29 PM org.openqa.selenium.devtools.CdpVersionFinder findNearestMatch
WARNING: Unable to find an exact match for CDP version 122, returning the closest version; found: 119; Please update to a Selenium version that supports CDP version 122
]]></system-err>
  </testcase>
  <testcase name="runScenario[&quot;Filter doctors location in Chennai on the Search page&quot;, &quot;Search&quot;](20)" classname="com.practo.testRunner.TestNGRunner" time="14.285">
    <system-out><![CDATA[
@regression
Scenario Outline: Filter doctors location in Chennai on the Search page                               # FeatureFiles/search.feature:66
  Given user clicks on "Find Doctors"                                                                 # com.practo.stepDefinitions.HomePageSteps.user_clicks_on(java.lang.String)

    Embedding Filter doctors location in Chennai on the Search page [image/png 204800 bytes]

  When user selects location as "Chennai"                                                             # com.practo.stepDefinitions.SearchSteps.user_selects_location_as(java.lang.String)

    Embedding Filter doctors location in Chennai on the Search page [image/png 192360 bytes]

  And user inputs "Dentist" in search                                                                 # com.practo.stepDefinitions.SearchSteps.user_inputs_in_search(java.lang.String)

    Embedding Filter doctors location in Chennai on the Search page [image/png 336229 bytes]

  And user clicks "Anna Nagar" under location                                                         # com.practo.stepDefinitions.SearchSteps.user_clicks_anna_nagar_under_location(java.lang.String)

    Embedding Filter doctors location in Chennai on the Search page [image/png 350167 bytes]

  Then verify if the area is selected: "You are seeing results from anna nagar. See results near you" # com.practo.stepDefinitions.SearchSteps.verify_if_the_area_is_selected(java.lang.String)

    Embedding Filter doctors location in Chennai on the Search page [image/png 350167 bytes]

]]></system-out>
    <system-err><![CDATA[Mar 07, 2024 1:22:42 PM org.openqa.selenium.devtools.CdpVersionFinder findNearestMatch
WARNING: Unable to find an exact match for CDP version 122, returning the closest version; found: 119; Please update to a Selenium version that supports CDP version 122
]]></system-err>
  </testcase>
  <testcase name="runScenario[&quot;Verify consultation form submission with correct details on the Surgeries page&quot;, &quot;Surgeries&quot;](21)" classname="com.practo.testRunner.TestNGRunner" time="8.722">
    <system-out><![CDATA[
@smoke
Scenario Outline: Verify consultation form submission with correct details on the Surgeries page # FeatureFiles/surgeries.feature:15
  Given user navigates to Surgeries from home page                                               # com.practo.stepDefinitions.SurgeriesSteps.user_navigates_to_surgeries_from_home_page()

    Embedding Verify consultation form submission with correct details on the Surgeries page [image/png 414681 bytes]

  When user selects "Bangalore" from the city dropdown on surgeries                              # com.practo.stepDefinitions.SurgeriesSteps.user_selects_from_the_city_dropdown_on_surgeries(java.lang.String)

    Embedding Verify consultation form submission with correct details on the Surgeries page [image/png 360889 bytes]

  And user selects "Carpal Tunnel Syndrome" from the ailment dropdown                            # com.practo.stepDefinitions.SurgeriesSteps.user_selects_from_the_ailment_dropdown(java.lang.String)

    Embedding Verify consultation form submission with correct details on the Surgeries page [image/png 415687 bytes]

  And user inputs "Sai" in name on surgeries                                                     # com.practo.stepDefinitions.SurgeriesSteps.user_inputs_in_name_on_surgeries(java.lang.String)

    Embedding Verify consultation form submission with correct details on the Surgeries page [image/png 415388 bytes]

  And user inputs "9879879877" in Contact Number on surgeries                                    # com.practo.stepDefinitions.SurgeriesSteps.user_inputs_in_contact_number_on_surgeries(java.lang.String)

    Embedding Verify consultation form submission with correct details on the Surgeries page [image/png 415359 bytes]

  And click Book Appointment button                                                              # com.practo.stepDefinitions.SurgeriesSteps.click_book_appointment_button()

    Embedding Verify consultation form submission with correct details on the Surgeries page [image/png 269346 bytes]

  Then capture mobile number in otp popup                                                        # com.practo.stepDefinitions.SurgeriesSteps.capture_mobile_number_in_otp_popup()

    Embedding Verify consultation form submission with correct details on the Surgeries page [image/png 267460 bytes]

]]></system-out>
    <system-err><![CDATA[Mar 07, 2024 1:22:57 PM org.openqa.selenium.devtools.CdpVersionFinder findNearestMatch
WARNING: Unable to find an exact match for CDP version 122, returning the closest version; found: 119; Please update to a Selenium version that supports CDP version 122
]]></system-err>
  </testcase>
  <testcase name="runScenario[&quot;Verify consultation form submission with correct details on the Surgeries page&quot;, &quot;Surgeries&quot;](22)" classname="com.practo.testRunner.TestNGRunner" time="7.336">
    <system-out><![CDATA[
@smoke
Scenario Outline: Verify consultation form submission with correct details on the Surgeries page # FeatureFiles/surgeries.feature:16
  Given user navigates to Surgeries from home page                                               # com.practo.stepDefinitions.SurgeriesSteps.user_navigates_to_surgeries_from_home_page()

    Embedding Verify consultation form submission with correct details on the Surgeries page [image/png 414705 bytes]

  When user selects "Chennai" from the city dropdown on surgeries                                # com.practo.stepDefinitions.SurgeriesSteps.user_selects_from_the_city_dropdown_on_surgeries(java.lang.String)

    Embedding Verify consultation form submission with correct details on the Surgeries page [image/png 414080 bytes]

  And user selects "ACL Repair" from the ailment dropdown                                        # com.practo.stepDefinitions.SurgeriesSteps.user_selects_from_the_ailment_dropdown(java.lang.String)

    Embedding Verify consultation form submission with correct details on the Surgeries page [image/png 413696 bytes]

  And user inputs "Nivas" in name on surgeries                                                   # com.practo.stepDefinitions.SurgeriesSteps.user_inputs_in_name_on_surgeries(java.lang.String)

    Embedding Verify consultation form submission with correct details on the Surgeries page [image/png 413861 bytes]

  And user inputs "9879879877" in Contact Number on surgeries                                    # com.practo.stepDefinitions.SurgeriesSteps.user_inputs_in_contact_number_on_surgeries(java.lang.String)

    Embedding Verify consultation form submission with correct details on the Surgeries page [image/png 413671 bytes]

  And click Book Appointment button                                                              # com.practo.stepDefinitions.SurgeriesSteps.click_book_appointment_button()

    Embedding Verify consultation form submission with correct details on the Surgeries page [image/png 268723 bytes]

  Then capture mobile number in otp popup                                                        # com.practo.stepDefinitions.SurgeriesSteps.capture_mobile_number_in_otp_popup()

    Embedding Verify consultation form submission with correct details on the Surgeries page [image/png 266847 bytes]

]]></system-out>
    <system-err><![CDATA[Mar 07, 2024 1:23:05 PM org.openqa.selenium.devtools.CdpVersionFinder findNearestMatch
WARNING: Unable to find an exact match for CDP version 122, returning the closest version; found: 119; Please update to a Selenium version that supports CDP version 122
]]></system-err>
  </testcase>
  <testcase name="runScenario[&quot;Verify consultation form submission with wrong name on the Surgeries page&quot;, &quot;Surgeries&quot;](23)" classname="com.practo.testRunner.TestNGRunner" time="7.017">
    <system-out><![CDATA[
@smoke
Scenario Outline: Verify consultation form submission with wrong name on the Surgeries page # FeatureFiles/surgeries.feature:29
  Given user navigates to Surgeries from home page                                          # com.practo.stepDefinitions.SurgeriesSteps.user_navigates_to_surgeries_from_home_page()

    Embedding Verify consultation form submission with wrong name on the Surgeries page [image/png 414668 bytes]

  When user selects "Chennai" from the city dropdown on surgeries                           # com.practo.stepDefinitions.SurgeriesSteps.user_selects_from_the_city_dropdown_on_surgeries(java.lang.String)

    Embedding Verify consultation form submission with wrong name on the Surgeries page [image/png 382466 bytes]

  And user selects "ACL Repair" from the ailment dropdown                                   # com.practo.stepDefinitions.SurgeriesSteps.user_selects_from_the_ailment_dropdown(java.lang.String)

    Embedding Verify consultation form submission with wrong name on the Surgeries page [image/png 413678 bytes]

  And user inputs "Ni" in name on surgeries                                                 # com.practo.stepDefinitions.SurgeriesSteps.user_inputs_in_name_on_surgeries(java.lang.String)

    Embedding Verify consultation form submission with wrong name on the Surgeries page [image/png 413804 bytes]

  And user inputs "8123123123" in Contact Number on surgeries                               # com.practo.stepDefinitions.SurgeriesSteps.user_inputs_in_contact_number_on_surgeries(java.lang.String)

    Embedding Verify consultation form submission with wrong name on the Surgeries page [image/png 413958 bytes]

  Then capture error message displayed below name                                           # com.practo.stepDefinitions.SurgeriesSteps.capture_error_message_displayed_below_name()

    Embedding Verify consultation form submission with wrong name on the Surgeries page [image/png 413944 bytes]

]]></system-out>
    <system-err><![CDATA[Mar 07, 2024 1:23:13 PM org.openqa.selenium.devtools.CdpVersionFinder findNearestMatch
WARNING: Unable to find an exact match for CDP version 122, returning the closest version; found: 119; Please update to a Selenium version that supports CDP version 122
]]></system-err>
  </testcase>
  <testcase name="runScenario[&quot;Verify consultation form submission with wrong contact number on the Surgeries page&quot;, &quot;Surgeries&quot;](24)" classname="com.practo.testRunner.TestNGRunner" time="6.398">
    <system-out><![CDATA[
@smoke
Scenario Outline: Verify consultation form submission with wrong contact number on the Surgeries page # FeatureFiles/surgeries.feature:42
  Given user navigates to Surgeries from home page                                                    # com.practo.stepDefinitions.SurgeriesSteps.user_navigates_to_surgeries_from_home_page()

    Embedding Verify consultation form submission with wrong contact number on the Surgeries page [image/png 414681 bytes]

  When user selects "Bangalore" from the city dropdown on surgeries                                   # com.practo.stepDefinitions.SurgeriesSteps.user_selects_from_the_city_dropdown_on_surgeries(java.lang.String)

    Embedding Verify consultation form submission with wrong contact number on the Surgeries page [image/png 381421 bytes]

  And user selects "Carpal Tunnel Syndrome" from the ailment dropdown                                 # com.practo.stepDefinitions.SurgeriesSteps.user_selects_from_the_ailment_dropdown(java.lang.String)

    Embedding Verify consultation form submission with wrong contact number on the Surgeries page [image/png 306514 bytes]

  And user inputs "Sai" in name on surgeries                                                          # com.practo.stepDefinitions.SurgeriesSteps.user_inputs_in_name_on_surgeries(java.lang.String)

    Embedding Verify consultation form submission with wrong contact number on the Surgeries page [image/png 415400 bytes]

  And user inputs "1231231231" in Contact Number on surgeries                                         # com.practo.stepDefinitions.SurgeriesSteps.user_inputs_in_contact_number_on_surgeries(java.lang.String)

    Embedding Verify consultation form submission with wrong contact number on the Surgeries page [image/png 416265 bytes]

  Then capture error message displayed below contact number                                           # com.practo.stepDefinitions.SurgeriesSteps.capture_error_message_displayed_below_contact_number()

    Embedding Verify consultation form submission with wrong contact number on the Surgeries page [image/png 416264 bytes]

]]></system-out>
    <system-err><![CDATA[Mar 07, 2024 1:23:20 PM org.openqa.selenium.devtools.CdpVersionFinder findNearestMatch
WARNING: Unable to find an exact match for CDP version 122, returning the closest version; found: 119; Please update to a Selenium version that supports CDP version 122
]]></system-err>
  </testcase>
  <testcase name="runScenario[&quot;Verify consultation form submission with wrong contact number on the Surgeries page&quot;, &quot;Surgeries&quot;](25)" classname="com.practo.testRunner.TestNGRunner" time="8.144">
    <system-out><![CDATA[
@smoke
Scenario Outline: Verify consultation form submission with wrong contact number on the Surgeries page # FeatureFiles/surgeries.feature:43
  Given user navigates to Surgeries from home page                                                    # com.practo.stepDefinitions.SurgeriesSteps.user_navigates_to_surgeries_from_home_page()

    Embedding Verify consultation form submission with wrong contact number on the Surgeries page [image/png 414714 bytes]

  When user selects "Chennai" from the city dropdown on surgeries                                     # com.practo.stepDefinitions.SurgeriesSteps.user_selects_from_the_city_dropdown_on_surgeries(java.lang.String)

    Embedding Verify consultation form submission with wrong contact number on the Surgeries page [image/png 414068 bytes]

  And user selects "Carpal Tunnel Syndrome" from the ailment dropdown                                 # com.practo.stepDefinitions.SurgeriesSteps.user_selects_from_the_ailment_dropdown(java.lang.String)

    Embedding Verify consultation form submission with wrong contact number on the Surgeries page [image/png 415102 bytes]

  And user inputs "Nivas" in name on surgeries                                                        # com.practo.stepDefinitions.SurgeriesSteps.user_inputs_in_name_on_surgeries(java.lang.String)

    Embedding Verify consultation form submission with wrong contact number on the Surgeries page [image/png 415274 bytes]

  And user inputs "898989898" in Contact Number on surgeries                                          # com.practo.stepDefinitions.SurgeriesSteps.user_inputs_in_contact_number_on_surgeries(java.lang.String)

    Embedding Verify consultation form submission with wrong contact number on the Surgeries page [image/png 415945 bytes]

  Then capture error message displayed below contact number                                           # com.practo.stepDefinitions.SurgeriesSteps.capture_error_message_displayed_below_contact_number()

    Embedding Verify consultation form submission with wrong contact number on the Surgeries page [image/png 415956 bytes]

]]></system-out>
    <system-err><![CDATA[Mar 07, 2024 1:23:26 PM org.openqa.selenium.devtools.CdpVersionFinder findNearestMatch
WARNING: Unable to find an exact match for CDP version 122, returning the closest version; found: 119; Please update to a Selenium version that supports CDP version 122
]]></system-err>
  </testcase>
  <testcase name="runScenario[&quot;Verify consultation form submission with wrong name and contact number on the Surgeries page&quot;, &quot;Surgeries&quot;](26)" classname="com.practo.testRunner.TestNGRunner" time="6.482">
    <system-out><![CDATA[
@smoke
Scenario Outline: Verify consultation form submission with wrong name and contact number on the Surgeries page # FeatureFiles/surgeries.feature:57
  Given user navigates to Surgeries from home page                                                             # com.practo.stepDefinitions.SurgeriesSteps.user_navigates_to_surgeries_from_home_page()

    Embedding Verify consultation form submission with wrong name and contact number on the Surgeries page [image/png 414684 bytes]

  When user selects "Bangalore" from the city dropdown on surgeries                                            # com.practo.stepDefinitions.SurgeriesSteps.user_selects_from_the_city_dropdown_on_surgeries(java.lang.String)

    Embedding Verify consultation form submission with wrong name and contact number on the Surgeries page [image/png 414674 bytes]

  And user selects "Carpal Tunnel Syndrome" from the ailment dropdown                                          # com.practo.stepDefinitions.SurgeriesSteps.user_selects_from_the_ailment_dropdown(java.lang.String)

    Embedding Verify consultation form submission with wrong name and contact number on the Surgeries page [image/png 415670 bytes]

  And user inputs "Sa" in name on surgeries                                                                    # com.practo.stepDefinitions.SurgeriesSteps.user_inputs_in_name_on_surgeries(java.lang.String)

    Embedding Verify consultation form submission with wrong name and contact number on the Surgeries page [image/png 416081 bytes]

  And user inputs "1231231231" in Contact Number on surgeries                                                  # com.practo.stepDefinitions.SurgeriesSteps.user_inputs_in_contact_number_on_surgeries(java.lang.String)

    Embedding Verify consultation form submission with wrong name and contact number on the Surgeries page [image/png 416991 bytes]

  Then capture error message displayed below name                                                              # com.practo.stepDefinitions.SurgeriesSteps.capture_error_message_displayed_below_name()

    Embedding Verify consultation form submission with wrong name and contact number on the Surgeries page [image/png 416986 bytes]

  Then capture error message displayed below contact number                                                    # com.practo.stepDefinitions.SurgeriesSteps.capture_error_message_displayed_below_contact_number()

    Embedding Verify consultation form submission with wrong name and contact number on the Surgeries page [image/png 416951 bytes]

]]></system-out>
    <system-err><![CDATA[Mar 07, 2024 1:23:34 PM org.openqa.selenium.devtools.CdpVersionFinder findNearestMatch
WARNING: Unable to find an exact match for CDP version 122, returning the closest version; found: 119; Please update to a Selenium version that supports CDP version 122
]]></system-err>
  </testcase>
  <testcase name="runScenario[&quot;Verify consultation form submission with wrong name and contact number on the Surgeries page&quot;, &quot;Surgeries&quot;](27)" classname="com.practo.testRunner.TestNGRunner" time="7.052">
    <system-out><![CDATA[
@smoke
Scenario Outline: Verify consultation form submission with wrong name and contact number on the Surgeries page # FeatureFiles/surgeries.feature:58
  Given user navigates to Surgeries from home page                                                             # com.practo.stepDefinitions.SurgeriesSteps.user_navigates_to_surgeries_from_home_page()

    Embedding Verify consultation form submission with wrong name and contact number on the Surgeries page [image/png 414713 bytes]

  When user selects "Chennai" from the city dropdown on surgeries                                              # com.practo.stepDefinitions.SurgeriesSteps.user_selects_from_the_city_dropdown_on_surgeries(java.lang.String)

    Embedding Verify consultation form submission with wrong name and contact number on the Surgeries page [image/png 379112 bytes]

  And user selects "Carpal Tunnel Syndrome" from the ailment dropdown                                          # com.practo.stepDefinitions.SurgeriesSteps.user_selects_from_the_ailment_dropdown(java.lang.String)

    Embedding Verify consultation form submission with wrong name and contact number on the Surgeries page [image/png 415060 bytes]

  And user inputs "Ni" in name on surgeries                                                                    # com.practo.stepDefinitions.SurgeriesSteps.user_inputs_in_name_on_surgeries(java.lang.String)

    Embedding Verify consultation form submission with wrong name and contact number on the Surgeries page [image/png 415167 bytes]

  And user inputs "898989898" in Contact Number on surgeries                                                   # com.practo.stepDefinitions.SurgeriesSteps.user_inputs_in_contact_number_on_surgeries(java.lang.String)

    Embedding Verify consultation form submission with wrong name and contact number on the Surgeries page [image/png 415901 bytes]

  Then capture error message displayed below name                                                              # com.practo.stepDefinitions.SurgeriesSteps.capture_error_message_displayed_below_name()

    Embedding Verify consultation form submission with wrong name and contact number on the Surgeries page [image/png 415852 bytes]

  Then capture error message displayed below contact number                                                    # com.practo.stepDefinitions.SurgeriesSteps.capture_error_message_displayed_below_contact_number()

    Embedding Verify consultation form submission with wrong name and contact number on the Surgeries page [image/png 415895 bytes]

]]></system-out>
    <system-err><![CDATA[Mar 07, 2024 1:23:41 PM org.openqa.selenium.devtools.CdpVersionFinder findNearestMatch
WARNING: Unable to find an exact match for CDP version 122, returning the closest version; found: 119; Please update to a Selenium version that supports CDP version 122
]]></system-err>
  </testcase>
  <testcase name="runScenario[&quot;Verify surgeries form popup message on the Surgeries page&quot;, &quot;Surgeries&quot;](28)" classname="com.practo.testRunner.TestNGRunner" time="4.867">
    <system-out><![CDATA[
@regression
Scenario Outline: Verify surgeries form popup message on the Surgeries page    # FeatureFiles/surgeries.feature:68
  Given user navigates to Surgeries from home page                             # com.practo.stepDefinitions.SurgeriesSteps.user_navigates_to_surgeries_from_home_page()

    Embedding Verify surgeries form popup message on the Surgeries page [image/png 414704 bytes]

  When user clicks on "Cataract" under Popular Surgeries                       # com.practo.stepDefinitions.SurgeriesSteps.user_clicks_on_under_popular_surgeries(java.lang.String)

    Embedding Verify surgeries form popup message on the Surgeries page [image/png 389808 bytes]

  Then verify the message displayed above the surgery form contains "Cataract" # com.practo.stepDefinitions.SurgeriesSteps.verify_the_message_displayed_above_the_surgery_form_contains(java.lang.String)

    Embedding Verify surgeries form popup message on the Surgeries page [image/png 332022 bytes]

]]></system-out>
    <system-err><![CDATA[Mar 07, 2024 1:23:48 PM org.openqa.selenium.devtools.CdpVersionFinder findNearestMatch
WARNING: Unable to find an exact match for CDP version 122, returning the closest version; found: 119; Please update to a Selenium version that supports CDP version 122
]]></system-err>
  </testcase>
  <testcase name="runScenario[&quot;Verify surgeries form popup message on the Surgeries page&quot;, &quot;Surgeries&quot;](29)" classname="com.practo.testRunner.TestNGRunner" time="5.229">
    <system-out><![CDATA[
@regression
Scenario Outline: Verify surgeries form popup message on the Surgeries page        # FeatureFiles/surgeries.feature:69
  Given user navigates to Surgeries from home page                                 # com.practo.stepDefinitions.SurgeriesSteps.user_navigates_to_surgeries_from_home_page()

    Embedding Verify surgeries form popup message on the Surgeries page [image/png 414724 bytes]

  When user clicks on "Kidney Stone" under Popular Surgeries                       # com.practo.stepDefinitions.SurgeriesSteps.user_clicks_on_under_popular_surgeries(java.lang.String)

    Embedding Verify surgeries form popup message on the Surgeries page [image/png 390784 bytes]

  Then verify the message displayed above the surgery form contains "Kidney Stone" # com.practo.stepDefinitions.SurgeriesSteps.verify_the_message_displayed_above_the_surgery_form_contains(java.lang.String)

    Embedding Verify surgeries form popup message on the Surgeries page [image/png 332417 bytes]

]]></system-out>
    <system-err><![CDATA[Mar 07, 2024 1:23:53 PM org.openqa.selenium.devtools.CdpVersionFinder findNearestMatch
WARNING: Unable to find an exact match for CDP version 122, returning the closest version; found: 119; Please update to a Selenium version that supports CDP version 122
]]></system-err>
  </testcase>
  <testcase name="runScenario[&quot;Verify surgeries form submission with correct details on the Surgeries page&quot;, &quot;Surgeries&quot;](30)" classname="com.practo.testRunner.TestNGRunner" time="7.907">
    <system-out><![CDATA[
@regression
Scenario Outline: Verify surgeries form submission with correct details on the Surgeries page # FeatureFiles/surgeries.feature:83
  Given user navigates to Surgeries from home page                                            # com.practo.stepDefinitions.SurgeriesSteps.user_navigates_to_surgeries_from_home_page()

    Embedding Verify surgeries form submission with correct details on the Surgeries page [image/png 414696 bytes]

  When user clicks on "Cataract" under Popular Surgeries                                      # com.practo.stepDefinitions.SurgeriesSteps.user_clicks_on_under_popular_surgeries(java.lang.String)

    Embedding Verify surgeries form submission with correct details on the Surgeries page [image/png 390357 bytes]

  And enter "Sai" in name in popular surgery form                                             # com.practo.stepDefinitions.SurgeriesSteps.enter_in_name_in_popular_surgery_form(java.lang.String)

    Embedding Verify surgeries form submission with correct details on the Surgeries page [image/png 331894 bytes]

  And enter "9879879877" in contact number in popular surgery form                            # com.practo.stepDefinitions.SurgeriesSteps.enter_in_contact_number_in_popular_surgery_form(java.lang.String)

    Embedding Verify surgeries form submission with correct details on the Surgeries page [image/png 331832 bytes]

  And select "Bangalore" in the city dropdown in popular surgery form                         # com.practo.stepDefinitions.SurgeriesSteps.select_in_the_city_dropdown_in_popular_surgery_form(java.lang.String)

    Embedding Verify surgeries form submission with correct details on the Surgeries page [image/png 332462 bytes]

  And user clicks on Book Appointment button in popular surgery form                          # com.practo.stepDefinitions.SurgeriesSteps.user_clicks_on_book_appointment_button_in_popular_surgery_form()

    Embedding Verify surgeries form submission with correct details on the Surgeries page [image/png 195749 bytes]

  Then capture mobile number in otp popup                                                     # com.practo.stepDefinitions.SurgeriesSteps.capture_mobile_number_in_otp_popup()

    Embedding Verify surgeries form submission with correct details on the Surgeries page [image/png 196021 bytes]

]]></system-out>
    <system-err><![CDATA[Mar 07, 2024 1:23:58 PM org.openqa.selenium.devtools.CdpVersionFinder findNearestMatch
WARNING: Unable to find an exact match for CDP version 122, returning the closest version; found: 119; Please update to a Selenium version that supports CDP version 122
]]></system-err>
  </testcase>
  <testcase name="runScenario[&quot;Verify surgeries form submission with incorrect details on the Surgeries page&quot;, &quot;Surgeries&quot;](31)" classname="com.practo.testRunner.TestNGRunner" time="13.085">
    <system-out><![CDATA[
@regression
Scenario Outline: Verify surgeries form submission with incorrect details on the Surgeries page # FeatureFiles/surgeries.feature:97
  Given user navigates to Surgeries from home page                                              # com.practo.stepDefinitions.SurgeriesSteps.user_navigates_to_surgeries_from_home_page()

    Embedding Verify surgeries form submission with incorrect details on the Surgeries page [image/png 414711 bytes]

  When user clicks on "Cataract" under Popular Surgeries                                        # com.practo.stepDefinitions.SurgeriesSteps.user_clicks_on_under_popular_surgeries(java.lang.String)

    Embedding Verify surgeries form submission with incorrect details on the Surgeries page [image/png 332078 bytes]

  And enter "Sa" in name in popular surgery form                                                # com.practo.stepDefinitions.SurgeriesSteps.enter_in_name_in_popular_surgery_form(java.lang.String)

    Embedding Verify surgeries form submission with incorrect details on the Surgeries page [image/png 332629 bytes]

  And enter "98798798" in contact number in popular surgery form                                # com.practo.stepDefinitions.SurgeriesSteps.enter_in_contact_number_in_popular_surgery_form(java.lang.String)

    Embedding Verify surgeries form submission with incorrect details on the Surgeries page [image/png 333298 bytes]

  And select "Bangalore" in the city dropdown in popular surgery form                           # com.practo.stepDefinitions.SurgeriesSteps.select_in_the_city_dropdown_in_popular_surgery_form(java.lang.String)

    Embedding Verify surgeries form submission with incorrect details on the Surgeries page [image/png 333799 bytes]

  Then capture error message displayed below name                                               # com.practo.stepDefinitions.SurgeriesSteps.capture_error_message_displayed_below_name()

    Embedding Verify surgeries form submission with incorrect details on the Surgeries page [image/png 333775 bytes]

  Then capture error message displayed below contact number                                     # com.practo.stepDefinitions.SurgeriesSteps.capture_error_message_displayed_below_contact_number()

    Embedding Verify surgeries form submission with incorrect details on the Surgeries page [image/png 333785 bytes]

]]></system-out>
    <system-err><![CDATA[Mar 07, 2024 1:24:06 PM org.openqa.selenium.devtools.CdpVersionFinder findNearestMatch
WARNING: Unable to find an exact match for CDP version 122, returning the closest version; found: 119; Please update to a Selenium version that supports CDP version 122
]]></system-err>
  </testcase>
</testsuite>