<?xml version="1.0" encoding="UTF-8"?>
<testng-results ignored="0" total="31" passed="31" failed="0" skipped="0">
  <reporter-output>
  </reporter-output>
  <suite started-at="2024-03-07T17:47:46 IST" name="Suite" finished-at="2024-03-07T17:53:32 IST" duration-ms="345692">
    <groups>
      <group name="cucumber">
        <method signature="AbstractTestNGCucumberTests.runScenario(io.cucumber.testng.PickleWrapper,io.cucumber.testng.FeatureWrapper)[pri:0, instance:com.practo.testRunner.TestNGRunner@5656be13]" name="runScenario" class="io.cucumber.testng.AbstractTestNGCucumberTests"/>
      </group> <!-- cucumber -->
    </groups>
    <test started-at="2024-03-07T17:47:46 IST" name="Test" finished-at="2024-03-07T17:53:32 IST" duration-ms="345692">
      <class name="com.practo.testRunner.TestNGRunner">
        <test-method is-config="true" signature="setUpClass(org.testng.ITestContext)[pri:0, instance:com.practo.testRunner.TestNGRunner@5656be13]" started-at="2024-03-07T17:47:46 IST" name="setUpClass" finished-at="2024-03-07T17:47:48 IST" duration-ms="2028" status="PASS">
          <params>
            <param index="0">
              <value>
                <![CDATA[org.testng.TestRunner@193e65d5]]>
              </value>
            </param>
          </params>
          <reporter-output>
          </reporter-output>
        </test-method> <!-- setUpClass -->
        <test-method signature="runScenario(io.cucumber.testng.PickleWrapper,io.cucumber.testng.FeatureWrapper)[pri:0, instance:com.practo.testRunner.TestNGRunner@5656be13]" started-at="2024-03-07T17:47:48 IST" name="runScenario" description="Runs Cucumber Scenarios" data-provider="scenarios" finished-at="2024-03-07T17:48:28 IST" duration-ms="39575" status="PASS">
          <params>
            <param index="0">
              <value>
                <![CDATA["Search for doctors using the specified filters and accquire top five results"]]>
              </value>
            </param>
            <param index="1">
              <value>
                <![CDATA["End to End happy flow execution"]]>
              </value>
            </param>
          </params>
          <reporter-output>
          </reporter-output>
        </test-method> <!-- runScenario -->
        <test-method signature="runScenario(io.cucumber.testng.PickleWrapper,io.cucumber.testng.FeatureWrapper)[pri:0, instance:com.practo.testRunner.TestNGRunner@5656be13]" started-at="2024-03-07T17:48:28 IST" name="runScenario" description="Runs Cucumber Scenarios" data-provider="scenarios" finished-at="2024-03-07T17:48:37 IST" duration-ms="9551" status="PASS">
          <params>
            <param index="0">
              <value>
                <![CDATA["Extract the surgeries listed as Popular Surgeries on the Surgeries page"]]>
              </value>
            </param>
            <param index="1">
              <value>
                <![CDATA["End to End happy flow execution"]]>
              </value>
            </param>
          </params>
          <reporter-output>
          </reporter-output>
        </test-method> <!-- runScenario -->
        <test-method signature="runScenario(io.cucumber.testng.PickleWrapper,io.cucumber.testng.FeatureWrapper)[pri:0, instance:com.practo.testRunner.TestNGRunner@5656be13]" started-at="2024-03-07T17:48:37 IST" name="runScenario" description="Runs Cucumber Scenarios" data-provider="scenarios" finished-at="2024-03-07T17:48:49 IST" duration-ms="12107" status="PASS">
          <params>
            <param index="0">
              <value>
                <![CDATA["verify form submission with correct details by capturing Thank You message on the Health and Wellness page"]]>
              </value>
            </param>
            <param index="1">
              <value>
                <![CDATA["End to End happy flow execution"]]>
              </value>
            </param>
          </params>
          <reporter-output>
          </reporter-output>
        </test-method> <!-- runScenario -->
        <test-method signature="runScenario(io.cucumber.testng.PickleWrapper,io.cucumber.testng.FeatureWrapper)[pri:0, instance:com.practo.testRunner.TestNGRunner@5656be13]" started-at="2024-03-07T17:48:49 IST" name="runScenario" description="Runs Cucumber Scenarios" data-provider="scenarios" finished-at="2024-03-07T17:48:58 IST" duration-ms="8351" status="PASS">
          <params>
            <param index="0">
              <value>
                <![CDATA["verify Schedule a demo scroll-to-top navigation button on the Health and Wellness Page"]]>
              </value>
            </param>
            <param index="1">
              <value>
                <![CDATA["Health and Wellness"]]>
              </value>
            </param>
          </params>
          <reporter-output>
          </reporter-output>
        </test-method> <!-- runScenario -->
        <test-method signature="runScenario(io.cucumber.testng.PickleWrapper,io.cucumber.testng.FeatureWrapper)[pri:0, instance:com.practo.testRunner.TestNGRunner@5656be13]" started-at="2024-03-07T17:48:58 IST" name="runScenario" description="Runs Cucumber Scenarios" data-provider="scenarios" finished-at="2024-03-07T17:49:08 IST" duration-ms="9978" status="PASS">
          <params>
            <param index="0">
              <value>
                <![CDATA["verify if the submit button is disabled with incorrect details on the Health and Wellness Page"]]>
              </value>
            </param>
            <param index="1">
              <value>
                <![CDATA["Health and Wellness"]]>
              </value>
            </param>
          </params>
          <reporter-output>
          </reporter-output>
        </test-method> <!-- runScenario -->
        <test-method signature="runScenario(io.cucumber.testng.PickleWrapper,io.cucumber.testng.FeatureWrapper)[pri:0, instance:com.practo.testRunner.TestNGRunner@5656be13]" started-at="2024-03-07T17:49:08 IST" name="runScenario" description="Runs Cucumber Scenarios" data-provider="scenarios" finished-at="2024-03-07T17:49:16 IST" duration-ms="8807" status="PASS">
          <params>
            <param index="0">
              <value>
                <![CDATA["verify if the submit button is disabled with incorrect details on the Health and Wellness Page"]]>
              </value>
            </param>
            <param index="1">
              <value>
                <![CDATA["Health and Wellness"]]>
              </value>
            </param>
          </params>
          <reporter-output>
          </reporter-output>
        </test-method> <!-- runScenario -->
        <test-method signature="runScenario(io.cucumber.testng.PickleWrapper,io.cucumber.testng.FeatureWrapper)[pri:0, instance:com.practo.testRunner.TestNGRunner@5656be13]" started-at="2024-03-07T17:49:16 IST" name="runScenario" description="Runs Cucumber Scenarios" data-provider="scenarios" finished-at="2024-03-07T17:49:28 IST" duration-ms="11267" status="PASS">
          <params>
            <param index="0">
              <value>
                <![CDATA["verify if the submit button is disabled with incorrect details on the Health and Wellness Page"]]>
              </value>
            </param>
            <param index="1">
              <value>
                <![CDATA["Health and Wellness"]]>
              </value>
            </param>
          </params>
          <reporter-output>
          </reporter-output>
        </test-method> <!-- runScenario -->
        <test-method signature="runScenario(io.cucumber.testng.PickleWrapper,io.cucumber.testng.FeatureWrapper)[pri:0, instance:com.practo.testRunner.TestNGRunner@5656be13]" started-at="2024-03-07T17:49:28 IST" name="runScenario" description="Runs Cucumber Scenarios" data-provider="scenarios" finished-at="2024-03-07T17:49:38 IST" duration-ms="10238" status="PASS">
          <params>
            <param index="0">
              <value>
                <![CDATA["verify if the submit button is disabled with incorrect details on the Health and Wellness Page"]]>
              </value>
            </param>
            <param index="1">
              <value>
                <![CDATA["Health and Wellness"]]>
              </value>
            </param>
          </params>
          <reporter-output>
          </reporter-output>
        </test-method> <!-- runScenario -->
        <test-method signature="runScenario(io.cucumber.testng.PickleWrapper,io.cucumber.testng.FeatureWrapper)[pri:0, instance:com.practo.testRunner.TestNGRunner@5656be13]" started-at="2024-03-07T17:49:38 IST" name="runScenario" description="Runs Cucumber Scenarios" data-provider="scenarios" finished-at="2024-03-07T17:49:49 IST" duration-ms="10857" status="PASS">
          <params>
            <param index="0">
              <value>
                <![CDATA["verify if submit button enabled with correct details on the Health and Wellness Plan page"]]>
              </value>
            </param>
            <param index="1">
              <value>
                <![CDATA["Health and Wellness"]]>
              </value>
            </param>
          </params>
          <reporter-output>
          </reporter-output>
        </test-method> <!-- runScenario -->
        <test-method signature="runScenario(io.cucumber.testng.PickleWrapper,io.cucumber.testng.FeatureWrapper)[pri:0, instance:com.practo.testRunner.TestNGRunner@5656be13]" started-at="2024-03-07T17:49:49 IST" name="runScenario" description="Runs Cucumber Scenarios" data-provider="scenarios" finished-at="2024-03-07T17:49:54 IST" duration-ms="5083" status="PASS">
          <params>
            <param index="0">
              <value>
                <![CDATA["Verify navigation items on the Home Page"]]>
              </value>
            </param>
            <param index="1">
              <value>
                <![CDATA["Home Page"]]>
              </value>
            </param>
          </params>
          <reporter-output>
          </reporter-output>
        </test-method> <!-- runScenario -->
        <test-method signature="runScenario(io.cucumber.testng.PickleWrapper,io.cucumber.testng.FeatureWrapper)[pri:0, instance:com.practo.testRunner.TestNGRunner@5656be13]" started-at="2024-03-07T17:49:54 IST" name="runScenario" description="Runs Cucumber Scenarios" data-provider="scenarios" finished-at="2024-03-07T17:49:58 IST" duration-ms="4129" status="PASS">
          <params>
            <param index="0">
              <value>
                <![CDATA["Verify navigation items on the Home Page"]]>
              </value>
            </param>
            <param index="1">
              <value>
                <![CDATA["Home Page"]]>
              </value>
            </param>
          </params>
          <reporter-output>
          </reporter-output>
        </test-method> <!-- runScenario -->
        <test-method signature="runScenario(io.cucumber.testng.PickleWrapper,io.cucumber.testng.FeatureWrapper)[pri:0, instance:com.practo.testRunner.TestNGRunner@5656be13]" started-at="2024-03-07T17:49:58 IST" name="runScenario" description="Runs Cucumber Scenarios" data-provider="scenarios" finished-at="2024-03-07T17:50:03 IST" duration-ms="5298" status="PASS">
          <params>
            <param index="0">
              <value>
                <![CDATA["Verify navigation items on the Home Page"]]>
              </value>
            </param>
            <param index="1">
              <value>
                <![CDATA["Home Page"]]>
              </value>
            </param>
          </params>
          <reporter-output>
          </reporter-output>
        </test-method> <!-- runScenario -->
        <test-method signature="runScenario(io.cucumber.testng.PickleWrapper,io.cucumber.testng.FeatureWrapper)[pri:0, instance:com.practo.testRunner.TestNGRunner@5656be13]" started-at="2024-03-07T17:50:03 IST" name="runScenario" description="Runs Cucumber Scenarios" data-provider="scenarios" finished-at="2024-03-07T17:50:07 IST" duration-ms="4304" status="PASS">
          <params>
            <param index="0">
              <value>
                <![CDATA["Verify navigation items on the Home Page"]]>
              </value>
            </param>
            <param index="1">
              <value>
                <![CDATA["Home Page"]]>
              </value>
            </param>
          </params>
          <reporter-output>
          </reporter-output>
        </test-method> <!-- runScenario -->
        <test-method signature="runScenario(io.cucumber.testng.PickleWrapper,io.cucumber.testng.FeatureWrapper)[pri:0, instance:com.practo.testRunner.TestNGRunner@5656be13]" started-at="2024-03-07T17:50:07 IST" name="runScenario" description="Runs Cucumber Scenarios" data-provider="scenarios" finished-at="2024-03-07T17:50:13 IST" duration-ms="5133" status="PASS">
          <params>
            <param index="0">
              <value>
                <![CDATA["Verify navigation items on the Home Page"]]>
              </value>
            </param>
            <param index="1">
              <value>
                <![CDATA["Home Page"]]>
              </value>
            </param>
          </params>
          <reporter-output>
          </reporter-output>
        </test-method> <!-- runScenario -->
        <test-method signature="runScenario(io.cucumber.testng.PickleWrapper,io.cucumber.testng.FeatureWrapper)[pri:0, instance:com.practo.testRunner.TestNGRunner@5656be13]" started-at="2024-03-07T17:50:13 IST" name="runScenario" description="Runs Cucumber Scenarios" data-provider="scenarios" finished-at="2024-03-07T17:50:36 IST" duration-ms="23866" status="PASS">
          <params>
            <param index="0">
              <value>
                <![CDATA["Filter doctors by patient stories on the Search page"]]>
              </value>
            </param>
            <param index="1">
              <value>
                <![CDATA["Search"]]>
              </value>
            </param>
          </params>
          <reporter-output>
          </reporter-output>
        </test-method> <!-- runScenario -->
        <test-method signature="runScenario(io.cucumber.testng.PickleWrapper,io.cucumber.testng.FeatureWrapper)[pri:0, instance:com.practo.testRunner.TestNGRunner@5656be13]" started-at="2024-03-07T17:50:36 IST" name="runScenario" description="Runs Cucumber Scenarios" data-provider="scenarios" finished-at="2024-03-07T17:50:51 IST" duration-ms="14890" status="PASS">
          <params>
            <param index="0">
              <value>
                <![CDATA["Filter doctors by fees on the Search page"]]>
              </value>
            </param>
            <param index="1">
              <value>
                <![CDATA["Search"]]>
              </value>
            </param>
          </params>
          <reporter-output>
          </reporter-output>
        </test-method> <!-- runScenario -->
        <test-method signature="runScenario(io.cucumber.testng.PickleWrapper,io.cucumber.testng.FeatureWrapper)[pri:0, instance:com.practo.testRunner.TestNGRunner@5656be13]" started-at="2024-03-07T17:50:51 IST" name="runScenario" description="Runs Cucumber Scenarios" data-provider="scenarios" finished-at="2024-03-07T17:51:06 IST" duration-ms="14528" status="PASS">
          <params>
            <param index="0">
              <value>
                <![CDATA["Filter doctors by fees on the Search page"]]>
              </value>
            </param>
            <param index="1">
              <value>
                <![CDATA["Search"]]>
              </value>
            </param>
          </params>
          <reporter-output>
          </reporter-output>
        </test-method> <!-- runScenario -->
        <test-method signature="runScenario(io.cucumber.testng.PickleWrapper,io.cucumber.testng.FeatureWrapper)[pri:0, instance:com.practo.testRunner.TestNGRunner@5656be13]" started-at="2024-03-07T17:51:06 IST" name="runScenario" description="Runs Cucumber Scenarios" data-provider="scenarios" finished-at="2024-03-07T17:51:55 IST" duration-ms="48851" status="PASS">
          <params>
            <param index="0">
              <value>
                <![CDATA["Filter doctors by availability on the Search page"]]>
              </value>
            </param>
            <param index="1">
              <value>
                <![CDATA["Search"]]>
              </value>
            </param>
          </params>
          <reporter-output>
          </reporter-output>
        </test-method> <!-- runScenario -->
        <test-method signature="runScenario(io.cucumber.testng.PickleWrapper,io.cucumber.testng.FeatureWrapper)[pri:0, instance:com.practo.testRunner.TestNGRunner@5656be13]" started-at="2024-03-07T17:51:55 IST" name="runScenario" description="Runs Cucumber Scenarios" data-provider="scenarios" finished-at="2024-03-07T17:52:09 IST" duration-ms="14003" status="PASS">
          <params>
            <param index="0">
              <value>
                <![CDATA["Filter doctors by video consult availability on the Search page"]]>
              </value>
            </param>
            <param index="1">
              <value>
                <![CDATA["Search"]]>
              </value>
            </param>
          </params>
          <reporter-output>
          </reporter-output>
        </test-method> <!-- runScenario -->
        <test-method signature="runScenario(io.cucumber.testng.PickleWrapper,io.cucumber.testng.FeatureWrapper)[pri:0, instance:com.practo.testRunner.TestNGRunner@5656be13]" started-at="2024-03-07T17:52:09 IST" name="runScenario" description="Runs Cucumber Scenarios" data-provider="scenarios" finished-at="2024-03-07T17:52:21 IST" duration-ms="12722" status="PASS">
          <params>
            <param index="0">
              <value>
                <![CDATA["Filter doctors location in Chennai on the Search page"]]>
              </value>
            </param>
            <param index="1">
              <value>
                <![CDATA["Search"]]>
              </value>
            </param>
          </params>
          <reporter-output>
          </reporter-output>
        </test-method> <!-- runScenario -->
        <test-method signature="runScenario(io.cucumber.testng.PickleWrapper,io.cucumber.testng.FeatureWrapper)[pri:0, instance:com.practo.testRunner.TestNGRunner@5656be13]" started-at="2024-03-07T17:52:21 IST" name="runScenario" description="Runs Cucumber Scenarios" data-provider="scenarios" finished-at="2024-03-07T17:52:30 IST" duration-ms="8405" status="PASS">
          <params>
            <param index="0">
              <value>
                <![CDATA["Verify consultation form submission with correct details on the Surgeries page"]]>
              </value>
            </param>
            <param index="1">
              <value>
                <![CDATA["Surgeries"]]>
              </value>
            </param>
          </params>
          <reporter-output>
          </reporter-output>
        </test-method> <!-- runScenario -->
        <test-method signature="runScenario(io.cucumber.testng.PickleWrapper,io.cucumber.testng.FeatureWrapper)[pri:0, instance:com.practo.testRunner.TestNGRunner@5656be13]" started-at="2024-03-07T17:52:30 IST" name="runScenario" description="Runs Cucumber Scenarios" data-provider="scenarios" finished-at="2024-03-07T17:52:38 IST" duration-ms="8235" status="PASS">
          <params>
            <param index="0">
              <value>
                <![CDATA["Verify consultation form submission with correct details on the Surgeries page"]]>
              </value>
            </param>
            <param index="1">
              <value>
                <![CDATA["Surgeries"]]>
              </value>
            </param>
          </params>
          <reporter-output>
          </reporter-output>
        </test-method> <!-- runScenario -->
        <test-method signature="runScenario(io.cucumber.testng.PickleWrapper,io.cucumber.testng.FeatureWrapper)[pri:0, instance:com.practo.testRunner.TestNGRunner@5656be13]" started-at="2024-03-07T17:52:38 IST" name="runScenario" description="Runs Cucumber Scenarios" data-provider="scenarios" finished-at="2024-03-07T17:52:44 IST" duration-ms="5771" status="PASS">
          <params>
            <param index="0">
              <value>
                <![CDATA["Verify consultation form submission with wrong name on the Surgeries page"]]>
              </value>
            </param>
            <param index="1">
              <value>
                <![CDATA["Surgeries"]]>
              </value>
            </param>
          </params>
          <reporter-output>
          </reporter-output>
        </test-method> <!-- runScenario -->
        <test-method signature="runScenario(io.cucumber.testng.PickleWrapper,io.cucumber.testng.FeatureWrapper)[pri:0, instance:com.practo.testRunner.TestNGRunner@5656be13]" started-at="2024-03-07T17:52:44 IST" name="runScenario" description="Runs Cucumber Scenarios" data-provider="scenarios" finished-at="2024-03-07T17:52:50 IST" duration-ms="5996" status="PASS">
          <params>
            <param index="0">
              <value>
                <![CDATA["Verify consultation form submission with wrong contact number on the Surgeries page"]]>
              </value>
            </param>
            <param index="1">
              <value>
                <![CDATA["Surgeries"]]>
              </value>
            </param>
          </params>
          <reporter-output>
          </reporter-output>
        </test-method> <!-- runScenario -->
        <test-method signature="runScenario(io.cucumber.testng.PickleWrapper,io.cucumber.testng.FeatureWrapper)[pri:0, instance:com.practo.testRunner.TestNGRunner@5656be13]" started-at="2024-03-07T17:52:50 IST" name="runScenario" description="Runs Cucumber Scenarios" data-provider="scenarios" finished-at="2024-03-07T17:52:55 IST" duration-ms="5499" status="PASS">
          <params>
            <param index="0">
              <value>
                <![CDATA["Verify consultation form submission with wrong contact number on the Surgeries page"]]>
              </value>
            </param>
            <param index="1">
              <value>
                <![CDATA["Surgeries"]]>
              </value>
            </param>
          </params>
          <reporter-output>
          </reporter-output>
        </test-method> <!-- runScenario -->
        <test-method signature="runScenario(io.cucumber.testng.PickleWrapper,io.cucumber.testng.FeatureWrapper)[pri:0, instance:com.practo.testRunner.TestNGRunner@5656be13]" started-at="2024-03-07T17:52:55 IST" name="runScenario" description="Runs Cucumber Scenarios" data-provider="scenarios" finished-at="2024-03-07T17:53:03 IST" duration-ms="7442" status="PASS">
          <params>
            <param index="0">
              <value>
                <![CDATA["Verify consultation form submission with wrong name and contact number on the Surgeries page"]]>
              </value>
            </param>
            <param index="1">
              <value>
                <![CDATA["Surgeries"]]>
              </value>
            </param>
          </params>
          <reporter-output>
          </reporter-output>
        </test-method> <!-- runScenario -->
        <test-method signature="runScenario(io.cucumber.testng.PickleWrapper,io.cucumber.testng.FeatureWrapper)[pri:0, instance:com.practo.testRunner.TestNGRunner@5656be13]" started-at="2024-03-07T17:53:03 IST" name="runScenario" description="Runs Cucumber Scenarios" data-provider="scenarios" finished-at="2024-03-07T17:53:09 IST" duration-ms="6110" status="PASS">
          <params>
            <param index="0">
              <value>
                <![CDATA["Verify consultation form submission with wrong name and contact number on the Surgeries page"]]>
              </value>
            </param>
            <param index="1">
              <value>
                <![CDATA["Surgeries"]]>
              </value>
            </param>
          </params>
          <reporter-output>
          </reporter-output>
        </test-method> <!-- runScenario -->
        <test-method signature="runScenario(io.cucumber.testng.PickleWrapper,io.cucumber.testng.FeatureWrapper)[pri:0, instance:com.practo.testRunner.TestNGRunner@5656be13]" started-at="2024-03-07T17:53:09 IST" name="runScenario" description="Runs Cucumber Scenarios" data-provider="scenarios" finished-at="2024-03-07T17:53:13 IST" duration-ms="4151" status="PASS">
          <params>
            <param index="0">
              <value>
                <![CDATA["Verify surgeries form popup message on the Surgeries page"]]>
              </value>
            </param>
            <param index="1">
              <value>
                <![CDATA["Surgeries"]]>
              </value>
            </param>
          </params>
          <reporter-output>
          </reporter-output>
        </test-method> <!-- runScenario -->
        <test-method signature="runScenario(io.cucumber.testng.PickleWrapper,io.cucumber.testng.FeatureWrapper)[pri:0, instance:com.practo.testRunner.TestNGRunner@5656be13]" started-at="2024-03-07T17:53:13 IST" name="runScenario" description="Runs Cucumber Scenarios" data-provider="scenarios" finished-at="2024-03-07T17:53:18 IST" duration-ms="4499" status="PASS">
          <params>
            <param index="0">
              <value>
                <![CDATA["Verify surgeries form popup message on the Surgeries page"]]>
              </value>
            </param>
            <param index="1">
              <value>
                <![CDATA["Surgeries"]]>
              </value>
            </param>
          </params>
          <reporter-output>
          </reporter-output>
        </test-method> <!-- runScenario -->
        <test-method signature="runScenario(io.cucumber.testng.PickleWrapper,io.cucumber.testng.FeatureWrapper)[pri:0, instance:com.practo.testRunner.TestNGRunner@5656be13]" started-at="2024-03-07T17:53:18 IST" name="runScenario" description="Runs Cucumber Scenarios" data-provider="scenarios" finished-at="2024-03-07T17:53:24 IST" duration-ms="6513" status="PASS">
          <params>
            <param index="0">
              <value>
                <![CDATA["Verify surgeries form submission with correct details on the Surgeries page"]]>
              </value>
            </param>
            <param index="1">
              <value>
                <![CDATA["Surgeries"]]>
              </value>
            </param>
          </params>
          <reporter-output>
          </reporter-output>
        </test-method> <!-- runScenario -->
        <test-method signature="runScenario(io.cucumber.testng.PickleWrapper,io.cucumber.testng.FeatureWrapper)[pri:0, instance:com.practo.testRunner.TestNGRunner@5656be13]" started-at="2024-03-07T17:53:24 IST" name="runScenario" description="Runs Cucumber Scenarios" data-provider="scenarios" finished-at="2024-03-07T17:53:30 IST" duration-ms="6133" status="PASS">
          <params>
            <param index="0">
              <value>
                <![CDATA["Verify surgeries form submission with incorrect details on the Surgeries page"]]>
              </value>
            </param>
            <param index="1">
              <value>
                <![CDATA["Surgeries"]]>
              </value>
            </param>
          </params>
          <reporter-output>
          </reporter-output>
        </test-method> <!-- runScenario -->
        <test-method is-config="true" signature="tearDownClass()[pri:0, instance:com.practo.testRunner.TestNGRunner@5656be13]" started-at="2024-03-07T17:53:30 IST" name="tearDownClass" finished-at="2024-03-07T17:53:32 IST" duration-ms="1279" status="PASS">
          <reporter-output>
          </reporter-output>
        </test-method> <!-- tearDownClass -->
      </class> <!-- com.practo.testRunner.TestNGRunner -->
    </test> <!-- Test -->
  </suite> <!-- Suite -->
</testng-results>
